<?xml version="1.0" encoding="utf-8"?>
<CoverageSession>
  <Summary numSequencePoints="1995" visitedSequencePoints="944" numBranchPoints="163" visitedBranchPoints="61" sequenceCoverage="47.31" branchCoverage="37.42" maxCyclomaticComplexity="96" minCyclomaticComplexity="2" visitedClasses="32" numClasses="59" visitedMethods="59" numMethods="123" />
  <Modules>
    <Module hash="2E910D77-3DCD-4919-94FB-9DA93D0A26F7">
      <ModulePath>SmartPacking.Api.dll</ModulePath>
      <ModuleTime>2026-09-02T01:32:14</ModuleTime>
      <ModuleName>SmartPacking.Api</ModuleName>
      <Files>
        <File uid="1" fullPath="C:\alpiq\SmartPacking\src\SmartPacking.Api\Program.cs" />
        <File uid="2" fullPath="C:\alpiq\SmartPacking\src\SmartPacking.Api\ApiExceptionHandler.cs" />
        <File uid="3" fullPath="C:\alpiq\SmartPacking\src\SmartPacking.Api\PhotoStorage.cs" />
        <File uid="4" fullPath="C:\alpiq\SmartPacking\src\SmartPacking.Api\StorageHealthCheck.cs" />
        <File uid="5" fullPath="C:\alpiq\SmartPacking\src\SmartPacking.Api\Controllers\PackingListsController.cs" />
        <File uid="6" fullPath="C:\alpiq\SmartPacking\src\SmartPacking.Api\Controllers\ProfilesController.cs" />
        <File uid="7" fullPath="C:\alpiq\SmartPacking\src\SmartPacking.Api\Controllers\RecommendationsController.cs" />
        <File uid="8" fullPath="C:\alpiq\SmartPacking\src\SmartPacking.Api\Controllers\SystemController.cs" />
        <File uid="9" fullPath="C:\alpiq\SmartPacking\src\SmartPacking.Api\Controllers\TripsController.cs" />
        <File uid="10" fullPath="C:\alpiq\SmartPacking\src\SmartPacking.Api\Controllers\WardrobeController.cs" />
        <File uid="11" fullPath="C:\alpiq\SmartPacking\src\SmartPacking.Api\Controllers\WardrobePhotosController.cs" />
        <File uid="12" fullPath="C:\alpiq\SmartPacking\src\SmartPacking.Api\Contracts\WardrobeContracts.cs" />
      </Files>
      <Classes>
        <Class>
          <Summary numSequencePoints="1" visitedSequencePoints="0" numBranchPoints="0" visitedBranchPoints="0" sequenceCoverage="0" branchCoverage="100" maxCyclomaticComplexity="1" minCyclomaticComplexity="1" visitedClasses="0" numClasses="1" visitedMethods="0" numMethods="1" />
          <FullName>Program</FullName>
          <Methods>
            <Method cyclomaticComplexity="1" nPathComplexity="1" sequenceCoverage="0" branchCoverage="100" isConstructor="True" isGetter="False" isSetter="False" isStatic="True">
              <Summary numSequencePoints="1" visitedSequencePoints="0" numBranchPoints="0" visitedBranchPoints="0" sequenceCoverage="0" branchCoverage="100" maxCyclomaticComplexity="1" minCyclomaticComplexity="1" visitedClasses="0" numClasses="0" visitedMethods="0" numMethods="1" />
              <MetadataToken />
              <Name>System.Void Program::.ctor()</Name>
              <FileRef uid="1" />
              <SequencePoints>
                <SequencePoint vc="0" uspid="122" ordinal="0" sl="122" sc="1" el="122" ec="2" bec="0" bev="0" fileid="1" />
              </SequencePoints>
              <BranchPoints />
              <MethodPoint vc="0" uspid="0" p8:type="SequencePoint" ordinal="0" offset="0" sc="0" sl="122" ec="1" el="122" bec="0" bev="0" fileid="1" xmlns:p8="xsi" />
            </Method>
          </Methods>
        </Class>
        <Class>
          <Summary numSequencePoints="1" visitedSequencePoints="1" numBranchPoints="0" visitedBranchPoints="0" sequenceCoverage="100" branchCoverage="100" maxCyclomaticComplexity="1" minCyclomaticComplexity="1" visitedClasses="1" numClasses="1" visitedMethods="1" numMethods="1" />
          <FullName>SmartPacking.Api.ApiExceptionHandler</FullName>
          <Methods>
            <Method cyclomaticComplexity="1" nPathComplexity="1" sequenceCoverage="100" branchCoverage="100" isConstructor="True" isGetter="False" isSetter="False" isStatic="True">
              <Summary numSequencePoints="1" visitedSequencePoints="1" numBranchPoints="0" visitedBranchPoints="0" sequenceCoverage="100" branchCoverage="100" maxCyclomaticComplexity="1" minCyclomaticComplexity="1" visitedClasses="0" numClasses="0" visitedMethods="1" numMethods="1" />
              <MetadataToken />
              <Name>System.Void SmartPacking.Api.ApiExceptionHandler::.ctor(Microsoft.Extensions.Logging.ILogger`1&lt;SmartPacking.Api.ApiExceptionHandler&gt;)</Name>
              <FileRef uid="2" />
              <SequencePoints>
                <SequencePoint vc="2" uspid="6" ordinal="0" sl="6" sc="1" el="6" ec="2" bec="0" bev="0" fileid="2" />
              </SequencePoints>
              <BranchPoints />
              <MethodPoint vc="1" uspid="0" p8:type="SequencePoint" ordinal="0" offset="0" sc="0" sl="6" ec="1" el="6" bec="0" bev="0" fileid="2" xmlns:p8="xsi" />
            </Method>
          </Methods>
        </Class>
        <Class>
          <Summary numSequencePoints="1" visitedSequencePoints="0" numBranchPoints="0" visitedBranchPoints="0" sequenceCoverage="0" branchCoverage="100" maxCyclomaticComplexity="1" minCyclomaticComplexity="1" visitedClasses="0" numClasses="1" visitedMethods="0" numMethods="1" />
          <FullName>SmartPacking.Api.LocalPhotoStorage</FullName>
          <Methods>
            <Method cyclomaticComplexity="1" nPathComplexity="1" sequenceCoverage="0" branchCoverage="100" isConstructor="True" isGetter="False" isSetter="False" isStatic="True">
              <Summary numSequencePoints="1" visitedSequencePoints="0" numBranchPoints="0" visitedBranchPoints="0" sequenceCoverage="0" branchCoverage="100" maxCyclomaticComplexity="1" minCyclomaticComplexity="1" visitedClasses="0" numClasses="0" visitedMethods="0" numMethods="1" />
              <MetadataToken />
              <Name>System.Void SmartPacking.Api.LocalPhotoStorage::.ctor(Microsoft.AspNetCore.Hosting.IWebHostEnvironment)</Name>
              <FileRef uid="3" />
              <SequencePoints>
                <SequencePoint vc="0" uspid="11" ordinal="0" sl="11" sc="1" el="11" ec="2" bec="0" bev="0" fileid="3" />
              </SequencePoints>
              <BranchPoints />
              <MethodPoint vc="0" uspid="0" p8:type="SequencePoint" ordinal="0" offset="0" sc="0" sl="11" ec="1" el="11" bec="0" bev="0" fileid="3" xmlns:p8="xsi" />
            </Method>
          </Methods>
        </Class>
        <Class>
          <Summary numSequencePoints="3" visitedSequencePoints="0" numBranchPoints="4" visitedBranchPoints="0" sequenceCoverage="0" branchCoverage="0" maxCyclomaticComplexity="4" minCyclomaticComplexity="4" visitedClasses="0" numClasses="1" visitedMethods="0" numMethods="1" />
          <FullName>SmartPacking.Api.BlobPhotoStorage</FullName>
          <Methods>
            <Method cyclomaticComplexity="4" nPathComplexity="4" sequenceCoverage="0" branchCoverage="0" isConstructor="True" isGetter="False" isSetter="False" isStatic="True">
              <Summary numSequencePoints="3" visitedSequencePoints="0" numBranchPoints="4" visitedBranchPoints="0" sequenceCoverage="0" branchCoverage="0" maxCyclomaticComplexity="4" minCyclomaticComplexity="4" visitedClasses="0" numClasses="0" visitedMethods="0" numMethods="1" />
              <MetadataToken />
              <Name>System.Void SmartPacking.Api.BlobPhotoStorage::.ctor(Azure.Storage.Blobs.BlobServiceClient,Microsoft.Extensions.Configuration.IConfiguration)</Name>
              <FileRef uid="3" />
              <SequencePoints>
                <SequencePoint vc="0" uspid="23" ordinal="0" sl="23" sc="1" el="23" ec="2" bec="0" bev="0" fileid="3" />
                <SequencePoint vc="0" uspid="25" ordinal="1" sl="25" sc="1" el="25" ec="2" bec="2" bev="0" fileid="3" />
                <SequencePoint vc="0" uspid="26" ordinal="2" sl="26" sc="1" el="26" ec="2" bec="2" bev="0" fileid="3" />
              </SequencePoints>
              <BranchPoints>
                <BranchPoint vc="0" uspid="25" ordinal="0" path="0" offset="20" offsetend="22" sl="25" fileid="3" />
                <BranchPoint vc="0" uspid="25" ordinal="1" path="1" offset="20" offsetend="28" sl="25" fileid="3" />
                <BranchPoint vc="0" uspid="26" ordinal="2" path="0" offset="46" offsetend="48" sl="26" fileid="3" />
                <BranchPoint vc="0" uspid="26" ordinal="3" path="1" offset="46" offsetend="60" sl="26" fileid="3" />
              </BranchPoints>
              <MethodPoint vc="0" uspid="0" p8:type="SequencePoint" ordinal="0" offset="0" sc="0" sl="23" ec="1" el="26" bec="0" bev="0" fileid="3" xmlns:p8="xsi" />
            </Method>
          </Methods>
        </Class>
        <Class>
          <Summary numSequencePoints="1" visitedSequencePoints="0" numBranchPoints="0" visitedBranchPoints="0" sequenceCoverage="0" branchCoverage="100" maxCyclomaticComplexity="1" minCyclomaticComplexity="1" visitedClasses="0" numClasses="1" visitedMethods="0" numMethods="1" />
          <FullName>SmartPacking.Api.StorageHealthCheck</FullName>
          <Methods>
            <Method cyclomaticComplexity="1" nPathComplexity="1" sequenceCoverage="0" branchCoverage="100" isConstructor="True" isGetter="False" isSetter="False" isStatic="True">
              <Summary numSequencePoints="1" visitedSequencePoints="0" numBranchPoints="0" visitedBranchPoints="0" sequenceCoverage="0" branchCoverage="100" maxCyclomaticComplexity="1" minCyclomaticComplexity="1" visitedClasses="0" numClasses="0" visitedMethods="0" numMethods="1" />
              <MetadataToken />
              <Name>System.Void SmartPacking.Api.StorageHealthCheck::.ctor(Azure.Storage.Blobs.BlobServiceClient)</Name>
              <FileRef uid="4" />
              <SequencePoints>
                <SequencePoint vc="0" uspid="6" ordinal="0" sl="6" sc="1" el="6" ec="2" bec="0" bev="0" fileid="4" />
              </SequencePoints>
              <BranchPoints />
              <MethodPoint vc="0" uspid="0" p8:type="SequencePoint" ordinal="0" offset="0" sc="0" sl="6" ec="1" el="6" bec="0" bev="0" fileid="4" xmlns:p8="xsi" />
            </Method>
          </Methods>
        </Class>
        <Class>
          <Summary numSequencePoints="1" visitedSequencePoints="0" numBranchPoints="0" visitedBranchPoints="0" sequenceCoverage="0" branchCoverage="100" maxCyclomaticComplexity="1" minCyclomaticComplexity="1" visitedClasses="0" numClasses="1" visitedMethods="0" numMethods="1" />
          <FullName>SmartPacking.Api.Controllers.PackingListsController</FullName>
          <Methods>
            <Method cyclomaticComplexity="1" nPathComplexity="1" sequenceCoverage="0" branchCoverage="100" isConstructor="True" isGetter="False" isSetter="False" isStatic="True">
              <Summary numSequencePoints="1" visitedSequencePoints="0" numBranchPoints="0" visitedBranchPoints="0" sequenceCoverage="0" branchCoverage="100" maxCyclomaticComplexity="1" minCyclomaticComplexity="1" visitedClasses="0" numClasses="0" visitedMethods="0" numMethods="1" />
              <MetadataToken />
              <Name>System.Void SmartPacking.Api.Controllers.PackingListsController::.ctor(SmartPacking.Application.ISmartPackingStore)</Name>
              <FileRef uid="5" />
              <SequencePoints>
                <SequencePoint vc="0" uspid="9" ordinal="0" sl="9" sc="1" el="9" ec="2" bec="0" bev="0" fileid="5" />
              </SequencePoints>
              <BranchPoints />
              <MethodPoint vc="0" uspid="0" p8:type="SequencePoint" ordinal="0" offset="0" sc="0" sl="9" ec="1" el="9" bec="0" bev="0" fileid="5" xmlns:p8="xsi" />
            </Method>
          </Methods>
        </Class>
        <Class>
          <Summary numSequencePoints="1" visitedSequencePoints="1" numBranchPoints="0" visitedBranchPoints="0" sequenceCoverage="100" branchCoverage="100" maxCyclomaticComplexity="1" minCyclomaticComplexity="1" visitedClasses="1" numClasses="1" visitedMethods="1" numMethods="1" />
          <FullName>SmartPacking.Api.Controllers.ProfilesController</FullName>
          <Methods>
            <Method cyclomaticComplexity="1" nPathComplexity="1" sequenceCoverage="100" branchCoverage="100" isConstructor="True" isGetter="False" isSetter="False" isStatic="True">
              <Summary numSequencePoints="1" visitedSequencePoints="1" numBranchPoints="0" visitedBranchPoints="0" sequenceCoverage="100" branchCoverage="100" maxCyclomaticComplexity="1" minCyclomaticComplexity="1" visitedClasses="0" numClasses="0" visitedMethods="1" numMethods="1" />
              <MetadataToken />
              <Name>System.Void SmartPacking.Api.Controllers.ProfilesController::.ctor(SmartPacking.Application.ISmartPackingStore,SmartPacking.Application.ProfilePackingListService)</Name>
              <FileRef uid="6" />
              <SequencePoints>
                <SequencePoint vc="3" uspid="10" ordinal="0" sl="10" sc="1" el="10" ec="2" bec="0" bev="0" fileid="6" />
              </SequencePoints>
              <BranchPoints />
              <MethodPoint vc="1" uspid="0" p8:type="SequencePoint" ordinal="0" offset="0" sc="0" sl="10" ec="1" el="10" bec="0" bev="0" fileid="6" xmlns:p8="xsi" />
            </Method>
          </Methods>
        </Class>
        <Class>
          <Summary numSequencePoints="1" visitedSequencePoints="0" numBranchPoints="0" visitedBranchPoints="0" sequenceCoverage="0" branchCoverage="100" maxCyclomaticComplexity="1" minCyclomaticComplexity="1" visitedClasses="0" numClasses="1" visitedMethods="0" numMethods="1" />
          <FullName>SmartPacking.Api.Controllers.RecommendationsController</FullName>
          <Methods>
            <Method cyclomaticComplexity="1" nPathComplexity="1" sequenceCoverage="0" branchCoverage="100" isConstructor="True" isGetter="False" isSetter="False" isStatic="True">
              <Summary numSequencePoints="1" visitedSequencePoints="0" numBranchPoints="0" visitedBranchPoints="0" sequenceCoverage="0" branchCoverage="100" maxCyclomaticComplexity="1" minCyclomaticComplexity="1" visitedClasses="0" numClasses="0" visitedMethods="0" numMethods="1" />
              <MetadataToken />
              <Name>System.Void SmartPacking.Api.Controllers.RecommendationsController::.ctor(SmartPacking.Application.ISmartPackingStore,SmartPacking.Application.PackingListService)</Name>
              <FileRef uid="7" />
              <SequencePoints>
                <SequencePoint vc="0" uspid="8" ordinal="0" sl="8" sc="1" el="8" ec="2" bec="0" bev="0" fileid="7" />
              </SequencePoints>
              <BranchPoints />
              <MethodPoint vc="0" uspid="0" p8:type="SequencePoint" ordinal="0" offset="0" sc="0" sl="8" ec="1" el="8" bec="0" bev="0" fileid="7" xmlns:p8="xsi" />
            </Method>
          </Methods>
        </Class>
        <Class>
          <Summary numSequencePoints="1" visitedSequencePoints="1" numBranchPoints="0" visitedBranchPoints="0" sequenceCoverage="100" branchCoverage="100" maxCyclomaticComplexity="1" minCyclomaticComplexity="1" visitedClasses="1" numClasses="1" visitedMethods="1" numMethods="1" />
          <FullName>SmartPacking.Api.Controllers.SystemController</FullName>
          <Methods>
            <Method cyclomaticComplexity="1" nPathComplexity="1" sequenceCoverage="100" branchCoverage="100" isConstructor="True" isGetter="False" isSetter="False" isStatic="True">
              <Summary numSequencePoints="1" visitedSequencePoints="1" numBranchPoints="0" visitedBranchPoints="0" sequenceCoverage="100" branchCoverage="100" maxCyclomaticComplexity="1" minCyclomaticComplexity="1" visitedClasses="0" numClasses="0" visitedMethods="1" numMethods="1" />
              <MetadataToken />
              <Name>System.Void SmartPacking.Api.Controllers.SystemController::.ctor(SmartPacking.Application.ISmartPackingStore)</Name>
              <FileRef uid="8" />
              <SequencePoints>
                <SequencePoint vc="1" uspid="8" ordinal="0" sl="8" sc="1" el="8" ec="2" bec="0" bev="0" fileid="8" />
              </SequencePoints>
              <BranchPoints />
              <MethodPoint vc="1" uspid="0" p8:type="SequencePoint" ordinal="0" offset="0" sc="0" sl="8" ec="1" el="8" bec="0" bev="0" fileid="8" xmlns:p8="xsi" />
            </Method>
          </Methods>
        </Class>
        <Class>
          <Summary numSequencePoints="34" visitedSequencePoints="22" numBranchPoints="45" visitedBranchPoints="18" sequenceCoverage="64.7" branchCoverage="40" maxCyclomaticComplexity="36" minCyclomaticComplexity="1" visitedClasses="1" numClasses="1" visitedMethods="4" numMethods="7" />
          <FullName>SmartPacking.Api.Controllers.TripsController</FullName>
          <Methods>
            <Method cyclomaticComplexity="1" nPathComplexity="1" sequenceCoverage="0" branchCoverage="100" isConstructor="False" isGetter="False" isSetter="False" isStatic="True">
              <Summary numSequencePoints="1" visitedSequencePoints="0" numBranchPoints="0" visitedBranchPoints="0" sequenceCoverage="0" branchCoverage="100" maxCyclomaticComplexity="1" minCyclomaticComplexity="1" visitedClasses="0" numClasses="0" visitedMethods="0" numMethods="1" />
              <MetadataToken />
              <Name>Microsoft.AspNetCore.Mvc.ActionResult`1&lt;System.Collections.Generic.IReadOnlyList`1&lt;SmartPacking.Application.TripTemplate&gt;&gt; SmartPacking.Api.Controllers.TripsController::GetTemplates()</Name>
              <FileRef uid="9" />
              <SequencePoints>
                <SequencePoint vc="0" uspid="112" ordinal="0" sl="112" sc="1" el="112" ec="2" bec="0" bev="0" fileid="9" />
              </SequencePoints>
              <BranchPoints />
              <MethodPoint vc="0" uspid="0" p8:type="SequencePoint" ordinal="0" offset="0" sc="0" sl="112" ec="1" el="112" bec="0" bev="0" fileid="9" xmlns:p8="xsi" />
            </Method>
            <Method cyclomaticComplexity="1" nPathComplexity="1" sequenceCoverage="100" branchCoverage="100" isConstructor="False" isGetter="False" isSetter="False" isStatic="True">
              <Summary numSequencePoints="1" visitedSequencePoints="1" numBranchPoints="0" visitedBranchPoints="0" sequenceCoverage="100" branchCoverage="100" maxCyclomaticComplexity="1" minCyclomaticComplexity="1" visitedClasses="0" numClasses="0" visitedMethods="1" numMethods="1" />
              <MetadataToken />
              <Name>SmartPacking.Contracts.TripResponse SmartPacking.Api.Controllers.TripsController::ToResponse(SmartPacking.Domain.Trip)</Name>
              <FileRef uid="9" />
              <SequencePoints>
                <SequencePoint vc="1" uspid="221" ordinal="0" sl="221" sc="1" el="221" ec="2" bec="0" bev="0" fileid="9" />
              </SequencePoints>
              <BranchPoints />
              <MethodPoint vc="1" uspid="0" p8:type="SequencePoint" ordinal="1" offset="1" sc="0" sl="221" ec="1" el="221" bec="0" bev="0" fileid="9" xmlns:p8="xsi" />
            </Method>
            <Method cyclomaticComplexity="2" nPathComplexity="2" sequenceCoverage="100" branchCoverage="50" isConstructor="False" isGetter="False" isSetter="False" isStatic="True">
              <Summary numSequencePoints="1" visitedSequencePoints="1" numBranchPoints="2" visitedBranchPoints="1" sequenceCoverage="100" branchCoverage="50" maxCyclomaticComplexity="2" minCyclomaticComplexity="2" visitedClasses="0" numClasses="0" visitedMethods="1" numMethods="1" />
              <MetadataToken />
              <Name>SmartPacking.Domain.TripLuggage[] SmartPacking.Api.Controllers.TripsController::ToLuggages(System.Collections.Generic.IReadOnlyCollection`1&lt;SmartPacking.Contracts.TripLuggageContract&gt;)</Name>
              <FileRef uid="9" />
              <SequencePoints>
                <SequencePoint vc="1" uspid="222" ordinal="0" sl="222" sc="1" el="222" ec="2" bec="2" bev="1" fileid="9" />
              </SequencePoints>
              <BranchPoints>
                <BranchPoint vc="1" uspid="222" ordinal="0" path="0" offset="1" offsetend="3" sl="222" fileid="9" />
                <BranchPoint vc="0" uspid="222" ordinal="1" path="1" offset="1" offsetend="6" sl="222" fileid="9" />
              </BranchPoints>
              <MethodPoint vc="1" uspid="0" p8:type="SequencePoint" ordinal="2" offset="2" sc="0" sl="222" ec="1" el="222" bec="0" bev="0" fileid="9" xmlns:p8="xsi" />
            </Method>
            <Method cyclomaticComplexity="36" nPathComplexity="36" sequenceCoverage="100" branchCoverage="47.22" isConstructor="False" isGetter="False" isSetter="False" isStatic="True">
              <Summary numSequencePoints="19" visitedSequencePoints="19" numBranchPoints="36" visitedBranchPoints="17" sequenceCoverage="100" branchCoverage="47.22" maxCyclomaticComplexity="36" minCyclomaticComplexity="36" visitedClasses="0" numClasses="0" visitedMethods="1" numMethods="1" />
              <MetadataToken />
              <Name>System.Boolean SmartPacking.Api.Controllers.TripsController::HasValidTripData(SmartPacking.Contracts.SaveTripRequest)</Name>
              <FileRef uid="9" />
              <SequencePoints>
                <SequencePoint vc="1" uspid="224" ordinal="0" sl="224" sc="1" el="224" ec="2" bec="36" bev="17" fileid="9" />
                <SequencePoint vc="1" uspid="225" ordinal="1" sl="225" sc="1" el="225" ec="2" bec="0" bev="0" fileid="9" />
                <SequencePoint vc="1" uspid="226" ordinal="2" sl="226" sc="1" el="226" ec="2" bec="0" bev="0" fileid="9" />
                <SequencePoint vc="1" uspid="227" ordinal="3" sl="227" sc="1" el="227" ec="2" bec="0" bev="0" fileid="9" />
                <SequencePoint vc="1" uspid="228" ordinal="4" sl="228" sc="1" el="228" ec="2" bec="0" bev="0" fileid="9" />
                <SequencePoint vc="1" uspid="229" ordinal="5" sl="229" sc="1" el="229" ec="2" bec="0" bev="0" fileid="9" />
                <SequencePoint vc="1" uspid="230" ordinal="6" sl="230" sc="1" el="230" ec="2" bec="0" bev="0" fileid="9" />
                <SequencePoint vc="1" uspid="231" ordinal="7" sl="231" sc="1" el="231" ec="2" bec="0" bev="0" fileid="9" />
                <SequencePoint vc="1" uspid="232" ordinal="8" sl="232" sc="1" el="232" ec="2" bec="0" bev="0" fileid="9" />
                <SequencePoint vc="1" uspid="233" ordinal="9" sl="233" sc="1" el="233" ec="2" bec="0" bev="0" fileid="9" />
                <SequencePoint vc="1" uspid="234" ordinal="10" sl="234" sc="1" el="234" ec="2" bec="0" bev="0" fileid="9" />
                <SequencePoint vc="1" uspid="235" ordinal="11" sl="235" sc="1" el="235" ec="2" bec="0" bev="0" fileid="9" />
                <SequencePoint vc="1" uspid="236" ordinal="12" sl="236" sc="1" el="236" ec="2" bec="0" bev="0" fileid="9" />
                <SequencePoint vc="1" uspid="237" ordinal="13" sl="237" sc="1" el="237" ec="2" bec="0" bev="0" fileid="9" />
                <SequencePoint vc="1" uspid="238" ordinal="14" sl="238" sc="1" el="238" ec="2" bec="0" bev="0" fileid="9" />
                <SequencePoint vc="1" uspid="239" ordinal="15" sl="239" sc="1" el="239" ec="2" bec="0" bev="0" fileid="9" />
                <SequencePoint vc="1" uspid="240" ordinal="16" sl="240" sc="1" el="240" ec="2" bec="0" bev="0" fileid="9" />
                <SequencePoint vc="1" uspid="241" ordinal="17" sl="241" sc="1" el="241" ec="2" bec="0" bev="0" fileid="9" />
                <SequencePoint vc="1" uspid="242" ordinal="18" sl="242" sc="1" el="242" ec="2" bec="0" bev="0" fileid="9" />
              </SequencePoints>
              <BranchPoints>
                <BranchPoint vc="1" uspid="224" ordinal="0" path="0" offset="40" offsetend="45" sl="224" fileid="9" />
                <BranchPoint vc="1" uspid="224" ordinal="2" path="0" offset="61" offsetend="66" sl="224" fileid="9" />
                <BranchPoint vc="0" uspid="224" ordinal="4" path="0" offset="85" offsetend="87" sl="224" fileid="9" />
                <BranchPoint vc="1" uspid="224" ordinal="5" path="1" offset="85" offsetend="100" sl="224" fileid="9" />
                <BranchPoint vc="1" uspid="224" ordinal="6" path="0" offset="95" offsetend="100" sl="224" fileid="9" />
                <BranchPoint vc="0" uspid="224" ordinal="8" path="0" offset="119" offsetend="121" sl="224" fileid="9" />
                <BranchPoint vc="1" uspid="224" ordinal="9" path="1" offset="119" offsetend="134" sl="224" fileid="9" />
                <BranchPoint vc="1" uspid="224" ordinal="10" path="0" offset="129" offsetend="134" sl="224" fileid="9" />
                <BranchPoint vc="0" uspid="224" ordinal="12" path="0" offset="153" offsetend="155" sl="224" fileid="9" />
                <BranchPoint vc="1" uspid="224" ordinal="13" path="1" offset="153" offsetend="168" sl="224" fileid="9" />
                <BranchPoint vc="1" uspid="224" ordinal="14" path="0" offset="163" offsetend="168" sl="224" fileid="9" />
                <BranchPoint vc="0" uspid="224" ordinal="16" path="0" offset="187" offsetend="189" sl="224" fileid="9" />
                <BranchPoint vc="1" uspid="224" ordinal="17" path="1" offset="187" offsetend="202" sl="224" fileid="9" />
                <BranchPoint vc="1" uspid="224" ordinal="18" path="0" offset="197" offsetend="202" sl="224" fileid="9" />
                <BranchPoint vc="0" uspid="224" ordinal="20" path="0" offset="221" offsetend="223" sl="224" fileid="9" />
                <BranchPoint vc="1" uspid="224" ordinal="21" path="1" offset="221" offsetend="252" sl="224" fileid="9" />
                <BranchPoint vc="1" uspid="224" ordinal="22" path="0" offset="247" offsetend="252" sl="224" fileid="9" />
                <BranchPoint vc="0" uspid="224" ordinal="24" path="0" offset="263" offsetend="265" sl="224" fileid="9" />
                <BranchPoint vc="1" uspid="224" ordinal="25" path="1" offset="263" offsetend="314" sl="224" fileid="9" />
                <BranchPoint vc="1" uspid="224" ordinal="26" path="0" offset="312" offsetend="314" sl="224" fileid="9" />
                <BranchPoint vc="0" uspid="224" ordinal="28" path="0" offset="325" offsetend="327" sl="224" fileid="9" />
                <BranchPoint vc="0" uspid="224" ordinal="30" path="0" offset="344" offsetend="346" sl="224" fileid="9" />
                <BranchPoint vc="1" uspid="224" ordinal="29" path="1" offset="325" offsetend="395" sl="224" fileid="9" />
                <BranchPoint vc="1" uspid="224" ordinal="32" path="0" offset="393" offsetend="395" sl="224" fileid="9" />
                <BranchPoint vc="0" uspid="224" ordinal="34" path="0" offset="406" offsetend="408" sl="224" fileid="9" />
                <BranchPoint vc="1" uspid="224" ordinal="35" path="1" offset="406" offsetend="438" sl="224" fileid="9" />
                <BranchPoint vc="0" uspid="224" ordinal="1" path="1" offset="40" offsetend="441" sl="224" fileid="9" />
                <BranchPoint vc="0" uspid="224" ordinal="3" path="1" offset="61" offsetend="441" sl="224" fileid="9" />
                <BranchPoint vc="0" uspid="224" ordinal="7" path="1" offset="95" offsetend="441" sl="224" fileid="9" />
                <BranchPoint vc="0" uspid="224" ordinal="11" path="1" offset="129" offsetend="441" sl="224" fileid="9" />
                <BranchPoint vc="0" uspid="224" ordinal="15" path="1" offset="163" offsetend="441" sl="224" fileid="9" />
                <BranchPoint vc="0" uspid="224" ordinal="19" path="1" offset="197" offsetend="441" sl="224" fileid="9" />
                <BranchPoint vc="0" uspid="224" ordinal="23" path="1" offset="247" offsetend="441" sl="224" fileid="9" />
                <BranchPoint vc="0" uspid="224" ordinal="27" path="1" offset="312" offsetend="441" sl="224" fileid="9" />
                <BranchPoint vc="0" uspid="224" ordinal="31" path="1" offset="344" offsetend="441" sl="224" fileid="9" />
                <BranchPoint vc="0" uspid="224" ordinal="33" path="1" offset="393" offsetend="441" sl="224" fileid="9" />
              </BranchPoints>
              <MethodPoint vc="19" uspid="0" p8:type="SequencePoint" ordinal="3" offset="3" sc="0" sl="224" ec="1" el="242" bec="0" bev="0" fileid="9" xmlns:p8="xsi" />
            </Method>
            <Method cyclomaticComplexity="7" nPathComplexity="7" sequenceCoverage="0" branchCoverage="0" isConstructor="False" isGetter="False" isSetter="False" isStatic="True">
              <Summary numSequencePoints="10" visitedSequencePoints="0" numBranchPoints="7" visitedBranchPoints="0" sequenceCoverage="0" branchCoverage="0" maxCyclomaticComplexity="7" minCyclomaticComplexity="7" visitedClasses="0" numClasses="0" visitedMethods="0" numMethods="1" />
              <MetadataToken />
              <Name>System.Int32 SmartPacking.Api.Controllers.TripsController::EstimatedVolumeMillilitres(SmartPacking.Domain.ClothingType)</Name>
              <FileRef uid="9" />
              <SequencePoints>
                <SequencePoint vc="0" uspid="243" ordinal="0" sl="243" sc="1" el="243" ec="2" bec="7" bev="0" fileid="9" />
                <SequencePoint vc="0" uspid="244" ordinal="1" sl="244" sc="1" el="244" ec="2" bec="0" bev="0" fileid="9" />
                <SequencePoint vc="0" uspid="245" ordinal="2" sl="245" sc="1" el="245" ec="2" bec="0" bev="0" fileid="9" />
                <SequencePoint vc="0" uspid="246" ordinal="3" sl="246" sc="1" el="246" ec="2" bec="0" bev="0" fileid="9" />
                <SequencePoint vc="0" uspid="247" ordinal="4" sl="247" sc="1" el="247" ec="2" bec="0" bev="0" fileid="9" />
                <SequencePoint vc="0" uspid="248" ordinal="5" sl="248" sc="1" el="248" ec="2" bec="0" bev="0" fileid="9" />
                <SequencePoint vc="0" uspid="249" ordinal="6" sl="249" sc="1" el="249" ec="2" bec="0" bev="0" fileid="9" />
                <SequencePoint vc="0" uspid="250" ordinal="7" sl="250" sc="1" el="250" ec="2" bec="0" bev="0" fileid="9" />
                <SequencePoint vc="0" uspid="251" ordinal="8" sl="251" sc="1" el="251" ec="2" bec="0" bev="0" fileid="9" />
                <SequencePoint vc="0" uspid="252" ordinal="9" sl="252" sc="1" el="252" ec="2" bec="0" bev="0" fileid="9" />
              </SequencePoints>
              <BranchPoints>
                <BranchPoint vc="0" uspid="243" ordinal="4" path="4" offset="5" offsetend="36" sl="243" fileid="9" />
                <BranchPoint vc="0" uspid="243" ordinal="5" path="5" offset="5" offsetend="44" sl="243" fileid="9" />
                <BranchPoint vc="0" uspid="243" ordinal="2" path="2" offset="5" offsetend="52" sl="243" fileid="9" />
                <BranchPoint vc="0" uspid="243" ordinal="3" path="3" offset="5" offsetend="60" sl="243" fileid="9" />
                <BranchPoint vc="0" uspid="243" ordinal="1" path="1" offset="5" offsetend="68" sl="243" fileid="9" />
                <BranchPoint vc="0" uspid="243" ordinal="6" path="6" offset="5" offsetend="76" sl="243" fileid="9" />
                <BranchPoint vc="0" uspid="243" ordinal="0" path="0" offset="5" offsetend="84" sl="243" fileid="9" />
              </BranchPoints>
              <MethodPoint vc="0" uspid="0" p8:type="SequencePoint" ordinal="4" offset="4" sc="0" sl="243" ec="1" el="252" bec="0" bev="0" fileid="9" xmlns:p8="xsi" />
            </Method>
            <Method cyclomaticComplexity="1" nPathComplexity="1" sequenceCoverage="0" branchCoverage="100" isConstructor="False" isGetter="False" isSetter="False" isStatic="True">
              <Summary numSequencePoints="1" visitedSequencePoints="0" numBranchPoints="0" visitedBranchPoints="0" sequenceCoverage="0" branchCoverage="100" maxCyclomaticComplexity="1" minCyclomaticComplexity="1" visitedClasses="0" numClasses="0" visitedMethods="0" numMethods="1" />
              <MetadataToken />
              <Name>Microsoft.AspNetCore.Mvc.ObjectResult SmartPacking.Api.Controllers.TripsController::NotFoundProblem(System.String)</Name>
              <FileRef uid="9" />
              <SequencePoints>
                <SequencePoint vc="0" uspid="253" ordinal="0" sl="253" sc="1" el="253" ec="2" bec="0" bev="0" fileid="9" />
              </SequencePoints>
              <BranchPoints />
              <MethodPoint vc="0" uspid="0" p8:type="SequencePoint" ordinal="5" offset="5" sc="0" sl="253" ec="1" el="253" bec="0" bev="0" fileid="9" xmlns:p8="xsi" />
            </Method>
            <Method cyclomaticComplexity="1" nPathComplexity="1" sequenceCoverage="100" branchCoverage="100" isConstructor="True" isGetter="False" isSetter="False" isStatic="True">
              <Summary numSequencePoints="1" visitedSequencePoints="1" numBranchPoints="0" visitedBranchPoints="0" sequenceCoverage="100" branchCoverage="100" maxCyclomaticComplexity="1" minCyclomaticComplexity="1" visitedClasses="0" numClasses="0" visitedMethods="1" numMethods="1" />
              <MetadataToken />
              <Name>System.Void SmartPacking.Api.Controllers.TripsController::.ctor(SmartPacking.Application.ISmartPackingStore,SmartPacking.Application.PackingListService,SmartPacking.Application.ProfilePackingListService,SmartPacking.Infrastructure.OpenMeteoWeatherProvider)</Name>
              <FileRef uid="9" />
              <SequencePoints>
                <SequencePoint vc="2" uspid="12" ordinal="0" sl="12" sc="1" el="12" ec="2" bec="0" bev="0" fileid="9" />
              </SequencePoints>
              <BranchPoints />
              <MethodPoint vc="1" uspid="0" p8:type="SequencePoint" ordinal="6" offset="6" sc="0" sl="12" ec="1" el="12" bec="0" bev="0" fileid="9" xmlns:p8="xsi" />
            </Method>
          </Methods>
        </Class>
        <Class>
          <Summary numSequencePoints="15" visitedSequencePoints="15" numBranchPoints="0" visitedBranchPoints="0" sequenceCoverage="100" branchCoverage="100" maxCyclomaticComplexity="1" minCyclomaticComplexity="1" visitedClasses="1" numClasses="1" visitedMethods="1" numMethods="1" />
          <FullName>SmartPacking.Api.Controllers.ChecklistDefaults</FullName>
          <Methods>
            <Method cyclomaticComplexity="1" nPathComplexity="1" sequenceCoverage="100" branchCoverage="100" isConstructor="False" isGetter="False" isSetter="False" isStatic="True">
              <Summary numSequencePoints="15" visitedSequencePoints="15" numBranchPoints="0" visitedBranchPoints="0" sequenceCoverage="100" branchCoverage="100" maxCyclomaticComplexity="1" minCyclomaticComplexity="1" visitedClasses="0" numClasses="0" visitedMethods="1" numMethods="1" />
              <MetadataToken />
              <Name>System.Collections.Generic.IReadOnlyList`1&lt;SmartPacking.Domain.ChecklistItem&gt; SmartPacking.Api.Controllers.ChecklistDefaults::Create(System.Guid,System.Nullable`1&lt;System.Guid&gt;)</Name>
              <FileRef uid="9" />
              <SequencePoints>
                <SequencePoint vc="2" uspid="259" ordinal="0" sl="259" sc="1" el="259" ec="2" bec="0" bev="0" fileid="9" />
                <SequencePoint vc="2" uspid="260" ordinal="1" sl="260" sc="1" el="260" ec="2" bec="0" bev="0" fileid="9" />
                <SequencePoint vc="2" uspid="261" ordinal="2" sl="261" sc="1" el="261" ec="2" bec="0" bev="0" fileid="9" />
                <SequencePoint vc="2" uspid="262" ordinal="3" sl="262" sc="1" el="262" ec="2" bec="0" bev="0" fileid="9" />
                <SequencePoint vc="2" uspid="263" ordinal="4" sl="263" sc="1" el="263" ec="2" bec="0" bev="0" fileid="9" />
                <SequencePoint vc="2" uspid="264" ordinal="5" sl="264" sc="1" el="264" ec="2" bec="0" bev="0" fileid="9" />
                <SequencePoint vc="2" uspid="265" ordinal="6" sl="265" sc="1" el="265" ec="2" bec="0" bev="0" fileid="9" />
                <SequencePoint vc="2" uspid="266" ordinal="7" sl="266" sc="1" el="266" ec="2" bec="0" bev="0" fileid="9" />
                <SequencePoint vc="2" uspid="267" ordinal="8" sl="267" sc="1" el="267" ec="2" bec="0" bev="0" fileid="9" />
                <SequencePoint vc="2" uspid="268" ordinal="9" sl="268" sc="1" el="268" ec="2" bec="0" bev="0" fileid="9" />
                <SequencePoint vc="2" uspid="269" ordinal="10" sl="269" sc="1" el="269" ec="2" bec="0" bev="0" fileid="9" />
                <SequencePoint vc="2" uspid="270" ordinal="11" sl="270" sc="1" el="270" ec="2" bec="0" bev="0" fileid="9" />
                <SequencePoint vc="2" uspid="271" ordinal="12" sl="271" sc="1" el="271" ec="2" bec="0" bev="0" fileid="9" />
                <SequencePoint vc="2" uspid="272" ordinal="13" sl="272" sc="1" el="272" ec="2" bec="0" bev="0" fileid="9" />
                <SequencePoint vc="2" uspid="273" ordinal="14" sl="273" sc="1" el="273" ec="2" bec="0" bev="0" fileid="9" />
              </SequencePoints>
              <BranchPoints />
              <MethodPoint vc="15" uspid="0" p8:type="SequencePoint" ordinal="0" offset="0" sc="0" sl="259" ec="1" el="273" bec="0" bev="0" fileid="9" xmlns:p8="xsi" />
            </Method>
          </Methods>
        </Class>
        <Class>
          <Summary numSequencePoints="5" visitedSequencePoints="1" numBranchPoints="0" visitedBranchPoints="0" sequenceCoverage="20" branchCoverage="100" maxCyclomaticComplexity="1" minCyclomaticComplexity="1" visitedClasses="1" numClasses="1" visitedMethods="1" numMethods="2" />
          <FullName>SmartPacking.Api.Controllers.WardrobeController</FullName>
          <Methods>
            <Method cyclomaticComplexity="1" nPathComplexity="1" sequenceCoverage="0" branchCoverage="100" isConstructor="False" isGetter="False" isSetter="False" isStatic="True">
              <Summary numSequencePoints="4" visitedSequencePoints="0" numBranchPoints="0" visitedBranchPoints="0" sequenceCoverage="0" branchCoverage="100" maxCyclomaticComplexity="1" minCyclomaticComplexity="1" visitedClasses="0" numClasses="0" visitedMethods="0" numMethods="1" />
              <MetadataToken />
              <Name>Microsoft.AspNetCore.Mvc.ObjectResult SmartPacking.Api.Controllers.WardrobeController::NotFoundProblem(System.Guid)</Name>
              <FileRef uid="10" />
              <SequencePoints>
                <SequencePoint vc="0" uspid="113" ordinal="0" sl="113" sc="1" el="113" ec="2" bec="0" bev="0" fileid="10" />
                <SequencePoint vc="0" uspid="114" ordinal="1" sl="114" sc="1" el="114" ec="2" bec="0" bev="0" fileid="10" />
                <SequencePoint vc="0" uspid="115" ordinal="2" sl="115" sc="1" el="115" ec="2" bec="0" bev="0" fileid="10" />
                <SequencePoint vc="0" uspid="116" ordinal="3" sl="116" sc="1" el="116" ec="2" bec="0" bev="0" fileid="10" />
              </SequencePoints>
              <BranchPoints />
              <MethodPoint vc="0" uspid="0" p8:type="SequencePoint" ordinal="0" offset="0" sc="0" sl="113" ec="1" el="116" bec="0" bev="0" fileid="10" xmlns:p8="xsi" />
            </Method>
            <Method cyclomaticComplexity="1" nPathComplexity="1" sequenceCoverage="100" branchCoverage="100" isConstructor="True" isGetter="False" isSetter="False" isStatic="True">
              <Summary numSequencePoints="1" visitedSequencePoints="1" numBranchPoints="0" visitedBranchPoints="0" sequenceCoverage="100" branchCoverage="100" maxCyclomaticComplexity="1" minCyclomaticComplexity="1" visitedClasses="0" numClasses="0" visitedMethods="1" numMethods="1" />
              <MetadataToken />
              <Name>System.Void SmartPacking.Api.Controllers.WardrobeController::.ctor(SmartPacking.Application.ISmartPackingStore)</Name>
              <FileRef uid="10" />
              <SequencePoints>
                <SequencePoint vc="5" uspid="10" ordinal="0" sl="10" sc="1" el="10" ec="2" bec="0" bev="0" fileid="10" />
              </SequencePoints>
              <BranchPoints />
              <MethodPoint vc="1" uspid="0" p8:type="SequencePoint" ordinal="1" offset="1" sc="0" sl="10" ec="1" el="10" bec="0" bev="0" fileid="10" xmlns:p8="xsi" />
            </Method>
          </Methods>
        </Class>
        <Class>
          <Summary numSequencePoints="1" visitedSequencePoints="0" numBranchPoints="0" visitedBranchPoints="0" sequenceCoverage="0" branchCoverage="100" maxCyclomaticComplexity="1" minCyclomaticComplexity="1" visitedClasses="0" numClasses="1" visitedMethods="0" numMethods="1" />
          <FullName>SmartPacking.Api.Controllers.WardrobePhotosController</FullName>
          <Methods>
            <Method cyclomaticComplexity="1" nPathComplexity="1" sequenceCoverage="0" branchCoverage="100" isConstructor="True" isGetter="False" isSetter="False" isStatic="True">
              <Summary numSequencePoints="1" visitedSequencePoints="0" numBranchPoints="0" visitedBranchPoints="0" sequenceCoverage="0" branchCoverage="100" maxCyclomaticComplexity="1" minCyclomaticComplexity="1" visitedClasses="0" numClasses="0" visitedMethods="0" numMethods="1" />
              <MetadataToken />
              <Name>System.Void SmartPacking.Api.Controllers.WardrobePhotosController::.ctor(SmartPacking.Application.ISmartPackingStore,SmartPacking.Api.IPhotoStorage)</Name>
              <FileRef uid="11" />
              <SequencePoints>
                <SequencePoint vc="0" uspid="10" ordinal="0" sl="10" sc="1" el="10" ec="2" bec="0" bev="0" fileid="11" />
              </SequencePoints>
              <BranchPoints />
              <MethodPoint vc="0" uspid="0" p8:type="SequencePoint" ordinal="0" offset="0" sc="0" sl="10" ec="1" el="10" bec="0" bev="0" fileid="11" xmlns:p8="xsi" />
            </Method>
          </Methods>
        </Class>
        <Class>
          <Summary numSequencePoints="2" visitedSequencePoints="2" numBranchPoints="2" visitedBranchPoints="1" sequenceCoverage="100" branchCoverage="50" maxCyclomaticComplexity="2" minCyclomaticComplexity="1" visitedClasses="1" numClasses="1" visitedMethods="2" numMethods="2" />
          <FullName>SmartPacking.Api.Contracts.WardrobeMappings</FullName>
          <Methods>
            <Method cyclomaticComplexity="1" nPathComplexity="1" sequenceCoverage="100" branchCoverage="100" isConstructor="False" isGetter="False" isSetter="False" isStatic="True">
              <Summary numSequencePoints="1" visitedSequencePoints="1" numBranchPoints="0" visitedBranchPoints="0" sequenceCoverage="100" branchCoverage="100" maxCyclomaticComplexity="1" minCyclomaticComplexity="1" visitedClasses="0" numClasses="0" visitedMethods="1" numMethods="1" />
              <MetadataToken />
              <Name>SmartPacking.Api.Contracts.ClothingItemResponse SmartPacking.Api.Contracts.WardrobeMappings::ToResponse(SmartPacking.Domain.ClothingItem)</Name>
              <FileRef uid="12" />
              <SequencePoints>
                <SequencePoint vc="11" uspid="12" ordinal="0" sl="12" sc="1" el="12" ec="2" bec="0" bev="0" fileid="12" />
              </SequencePoints>
              <BranchPoints />
              <MethodPoint vc="1" uspid="0" p8:type="SequencePoint" ordinal="0" offset="0" sc="0" sl="12" ec="1" el="12" bec="0" bev="0" fileid="12" xmlns:p8="xsi" />
            </Method>
            <Method cyclomaticComplexity="2" nPathComplexity="2" sequenceCoverage="100" branchCoverage="50" isConstructor="False" isGetter="False" isSetter="False" isStatic="True">
              <Summary numSequencePoints="1" visitedSequencePoints="1" numBranchPoints="2" visitedBranchPoints="1" sequenceCoverage="100" branchCoverage="50" maxCyclomaticComplexity="2" minCyclomaticComplexity="2" visitedClasses="0" numClasses="0" visitedMethods="1" numMethods="1" />
              <MetadataToken />
              <Name>SmartPacking.Domain.ClothingItem SmartPacking.Api.Contracts.WardrobeMappings::ToDomain(SmartPacking.Api.Contracts.UpsertClothingItemRequest,System.Guid,System.Boolean)</Name>
              <FileRef uid="12" />
              <SequencePoints>
                <SequencePoint vc="1" uspid="15" ordinal="0" sl="15" sc="1" el="15" ec="2" bec="2" bev="1" fileid="12" />
              </SequencePoints>
              <BranchPoints>
                <BranchPoint vc="0" uspid="15" ordinal="0" path="0" offset="84" offsetend="86" sl="15" fileid="12" />
                <BranchPoint vc="1" uspid="15" ordinal="1" path="1" offset="84" offsetend="92" sl="15" fileid="12" />
              </BranchPoints>
              <MethodPoint vc="1" uspid="0" p8:type="SequencePoint" ordinal="1" offset="1" sc="0" sl="15" ec="1" el="15" bec="0" bev="0" fileid="12" xmlns:p8="xsi" />
            </Method>
          </Methods>
        </Class>
      </Classes>
    </Module>
    <Module hash="92E74E18-6D85-4EFC-8C0D-916025E43852">
      <ModulePath>SmartPacking.Application.dll</ModulePath>
      <ModuleTime>2026-09-02T01:32:14</ModuleTime>
      <ModuleName>SmartPacking.Application</ModuleName>
      <Files>
        <File uid="13" fullPath="C:\alpiq\SmartPacking\src\SmartPacking.Application\DemoData.cs" />
        <File uid="14" fullPath="C:\alpiq\SmartPacking\src\SmartPacking.Application\PackingInsightsService.cs" />
        <File uid="15" fullPath="C:\alpiq\SmartPacking\src\SmartPacking.Application\PackingListService.cs" />
        <File uid="16" fullPath="C:\alpiq\SmartPacking\src\SmartPacking.Application\PackingRecommendationService.cs" />
        <File uid="17" fullPath="C:\alpiq\SmartPacking\src\SmartPacking.Application\ProfilePackingListService.cs" />
        <File uid="18" fullPath="C:\alpiq\SmartPacking\src\SmartPacking.Application\ToiletryBagPlan.cs" />
        <File uid="19" fullPath="C:\alpiq\SmartPacking\src\SmartPacking.Application\TripTemplates.cs" />
      </Files>
      <Classes>
        <Class>
          <Summary numSequencePoints="16" visitedSequencePoints="16" numBranchPoints="0" visitedBranchPoints="0" sequenceCoverage="100" branchCoverage="100" maxCyclomaticComplexity="1" minCyclomaticComplexity="1" visitedClasses="1" numClasses="1" visitedMethods="1" numMethods="1" />
          <FullName>SmartPacking.Application.DemoData</FullName>
          <Methods>
            <Method cyclomaticComplexity="1" nPathComplexity="1" sequenceCoverage="100" branchCoverage="100" isConstructor="False" isGetter="False" isSetter="False" isStatic="True">
              <Summary numSequencePoints="16" visitedSequencePoints="16" numBranchPoints="0" visitedBranchPoints="0" sequenceCoverage="100" branchCoverage="100" maxCyclomaticComplexity="1" minCyclomaticComplexity="1" visitedClasses="0" numClasses="0" visitedMethods="1" numMethods="1" />
              <MetadataToken />
              <Name>System.Collections.Generic.IReadOnlyList`1&lt;SmartPacking.Domain.ClothingItem&gt; SmartPacking.Application.DemoData::CreateWardrobe()</Name>
              <FileRef uid="13" />
              <SequencePoints>
                <SequencePoint vc="1" uspid="12" ordinal="0" sl="12" sc="1" el="12" ec="2" bec="0" bev="0" fileid="13" />
                <SequencePoint vc="1" uspid="13" ordinal="1" sl="13" sc="1" el="13" ec="2" bec="0" bev="0" fileid="13" />
                <SequencePoint vc="1" uspid="14" ordinal="2" sl="14" sc="1" el="14" ec="2" bec="0" bev="0" fileid="13" />
                <SequencePoint vc="1" uspid="15" ordinal="3" sl="15" sc="1" el="15" ec="2" bec="0" bev="0" fileid="13" />
                <SequencePoint vc="1" uspid="16" ordinal="4" sl="16" sc="1" el="16" ec="2" bec="0" bev="0" fileid="13" />
                <SequencePoint vc="1" uspid="17" ordinal="5" sl="17" sc="1" el="17" ec="2" bec="0" bev="0" fileid="13" />
                <SequencePoint vc="1" uspid="18" ordinal="6" sl="18" sc="1" el="18" ec="2" bec="0" bev="0" fileid="13" />
                <SequencePoint vc="1" uspid="19" ordinal="7" sl="19" sc="1" el="19" ec="2" bec="0" bev="0" fileid="13" />
                <SequencePoint vc="1" uspid="20" ordinal="8" sl="20" sc="1" el="20" ec="2" bec="0" bev="0" fileid="13" />
                <SequencePoint vc="1" uspid="21" ordinal="9" sl="21" sc="1" el="21" ec="2" bec="0" bev="0" fileid="13" />
                <SequencePoint vc="1" uspid="22" ordinal="10" sl="22" sc="1" el="22" ec="2" bec="0" bev="0" fileid="13" />
                <SequencePoint vc="1" uspid="23" ordinal="11" sl="23" sc="1" el="23" ec="2" bec="0" bev="0" fileid="13" />
                <SequencePoint vc="1" uspid="24" ordinal="12" sl="24" sc="1" el="24" ec="2" bec="0" bev="0" fileid="13" />
                <SequencePoint vc="1" uspid="25" ordinal="13" sl="25" sc="1" el="25" ec="2" bec="0" bev="0" fileid="13" />
                <SequencePoint vc="1" uspid="26" ordinal="14" sl="26" sc="1" el="26" ec="2" bec="0" bev="0" fileid="13" />
                <SequencePoint vc="1" uspid="27" ordinal="15" sl="27" sc="1" el="27" ec="2" bec="0" bev="0" fileid="13" />
              </SequencePoints>
              <BranchPoints />
              <MethodPoint vc="16" uspid="0" p8:type="SequencePoint" ordinal="0" offset="0" sc="0" sl="12" ec="1" el="27" bec="0" bev="0" fileid="13" xmlns:p8="xsi" />
            </Method>
          </Methods>
        </Class>
        <Class>
          <Summary numSequencePoints="6" visitedSequencePoints="0" numBranchPoints="0" visitedBranchPoints="0" sequenceCoverage="0" branchCoverage="100" maxCyclomaticComplexity="1" minCyclomaticComplexity="1" visitedClasses="0" numClasses="1" visitedMethods="0" numMethods="1" />
          <FullName>SmartPacking.Application.PackingInsights</FullName>
          <Methods>
            <Method cyclomaticComplexity="1" nPathComplexity="1" sequenceCoverage="0" branchCoverage="100" isConstructor="True" isGetter="False" isSetter="False" isStatic="True">
              <Summary numSequencePoints="6" visitedSequencePoints="0" numBranchPoints="0" visitedBranchPoints="0" sequenceCoverage="0" branchCoverage="100" maxCyclomaticComplexity="1" minCyclomaticComplexity="1" visitedClasses="0" numClasses="0" visitedMethods="0" numMethods="1" />
              <MetadataToken />
              <Name>System.Void SmartPacking.Application.PackingInsights::.ctor(System.Collections.Generic.IReadOnlyList`1&lt;SmartPacking.Application.WeightOptimizationSuggestion&gt;,System.Collections.Generic.IReadOnlyList`1&lt;SmartPacking.Application.WeatherRecommendationChange&gt;,System.Collections.Generic.IReadOnlyList`1&lt;SmartPacking.Application.FamilyPackingSuggestion&gt;,System.Collections.Generic.IReadOnlyList`1&lt;SmartPacking.Application.FamilyPackingSuggestion&gt;,System.Collections.Generic.IReadOnlyList`1&lt;SmartPacking.Application.LaundryReuseSuggestion&gt;)</Name>
              <FileRef uid="14" />
              <SequencePoints>
                <SequencePoint vc="0" uspid="9" ordinal="0" sl="9" sc="1" el="9" ec="2" bec="0" bev="0" fileid="14" />
                <SequencePoint vc="0" uspid="10" ordinal="1" sl="10" sc="1" el="10" ec="2" bec="0" bev="0" fileid="14" />
                <SequencePoint vc="0" uspid="11" ordinal="2" sl="11" sc="1" el="11" ec="2" bec="0" bev="0" fileid="14" />
                <SequencePoint vc="0" uspid="12" ordinal="3" sl="12" sc="1" el="12" ec="2" bec="0" bev="0" fileid="14" />
                <SequencePoint vc="0" uspid="13" ordinal="4" sl="13" sc="1" el="13" ec="2" bec="0" bev="0" fileid="14" />
                <SequencePoint vc="0" uspid="14" ordinal="5" sl="14" sc="1" el="14" ec="2" bec="0" bev="0" fileid="14" />
              </SequencePoints>
              <BranchPoints />
              <MethodPoint vc="0" uspid="0" p8:type="SequencePoint" ordinal="0" offset="0" sc="0" sl="9" ec="1" el="14" bec="0" bev="0" fileid="14" xmlns:p8="xsi" />
            </Method>
          </Methods>
        </Class>
        <Class>
          <Summary numSequencePoints="101" visitedSequencePoints="0" numBranchPoints="34" visitedBranchPoints="0" sequenceCoverage="0" branchCoverage="0" maxCyclomaticComplexity="12" minCyclomaticComplexity="1" visitedClasses="0" numClasses="1" visitedMethods="0" numMethods="6" />
          <FullName>SmartPacking.Application.PackingInsightsService</FullName>
          <Methods>
            <Method cyclomaticComplexity="2" nPathComplexity="2" sequenceCoverage="0" branchCoverage="0" isConstructor="False" isGetter="False" isSetter="False" isStatic="True">
              <Summary numSequencePoints="12" visitedSequencePoints="0" numBranchPoints="2" visitedBranchPoints="0" sequenceCoverage="0" branchCoverage="0" maxCyclomaticComplexity="2" minCyclomaticComplexity="2" visitedClasses="0" numClasses="0" visitedMethods="0" numMethods="1" />
              <MetadataToken />
              <Name>SmartPacking.Application.PackingInsights SmartPacking.Application.PackingInsightsService::Analyze(SmartPacking.Application.ProfileTripPackingPlan,System.Collections.Generic.IReadOnlyList`1&lt;SmartPacking.Application.ProfileTripPackingPlan&gt;,System.Collections.Generic.IReadOnlyList`1&lt;SmartPacking.Domain.ClothingItem&gt;,SmartPacking.Application.TripWeatherForecast)</Name>
              <FileRef uid="14" />
              <SequencePoints>
                <SequencePoint vc="0" uspid="23" ordinal="0" sl="23" sc="1" el="23" ec="2" bec="0" bev="0" fileid="14" />
                <SequencePoint vc="0" uspid="24" ordinal="1" sl="24" sc="1" el="24" ec="2" bec="2" bev="0" fileid="14" />
                <SequencePoint vc="0" uspid="25" ordinal="2" sl="25" sc="1" el="25" ec="2" bec="0" bev="0" fileid="14" />
                <SequencePoint vc="0" uspid="26" ordinal="3" sl="26" sc="1" el="26" ec="2" bec="0" bev="0" fileid="14" />
                <SequencePoint vc="0" uspid="29" ordinal="4" sl="29" sc="1" el="29" ec="2" bec="0" bev="0" fileid="14" />
                <SequencePoint vc="0" uspid="30" ordinal="5" sl="30" sc="1" el="30" ec="2" bec="0" bev="0" fileid="14" />
                <SequencePoint vc="0" uspid="31" ordinal="6" sl="31" sc="1" el="31" ec="2" bec="0" bev="0" fileid="14" />
                <SequencePoint vc="0" uspid="32" ordinal="7" sl="32" sc="1" el="32" ec="2" bec="0" bev="0" fileid="14" />
                <SequencePoint vc="0" uspid="33" ordinal="8" sl="33" sc="1" el="33" ec="2" bec="0" bev="0" fileid="14" />
                <SequencePoint vc="0" uspid="34" ordinal="9" sl="34" sc="1" el="34" ec="2" bec="0" bev="0" fileid="14" />
                <SequencePoint vc="0" uspid="35" ordinal="10" sl="35" sc="1" el="35" ec="2" bec="0" bev="0" fileid="14" />
                <SequencePoint vc="0" uspid="36" ordinal="11" sl="36" sc="1" el="36" ec="2" bec="0" bev="0" fileid="14" />
              </SequencePoints>
              <BranchPoints>
                <BranchPoint vc="0" uspid="24" ordinal="0" path="0" offset="9" offsetend="11" sl="24" fileid="14" />
                <BranchPoint vc="0" uspid="24" ordinal="1" path="1" offset="9" offsetend="46" sl="24" fileid="14" />
              </BranchPoints>
              <MethodPoint vc="0" uspid="0" p8:type="SequencePoint" ordinal="0" offset="0" sc="0" sl="23" ec="1" el="36" bec="0" bev="0" fileid="14" xmlns:p8="xsi" />
            </Method>
            <Method cyclomaticComplexity="12" nPathComplexity="12" sequenceCoverage="0" branchCoverage="0" isConstructor="False" isGetter="False" isSetter="False" isStatic="True">
              <Summary numSequencePoints="32" visitedSequencePoints="0" numBranchPoints="12" visitedBranchPoints="0" sequenceCoverage="0" branchCoverage="0" maxCyclomaticComplexity="12" minCyclomaticComplexity="12" visitedClasses="0" numClasses="0" visitedMethods="0" numMethods="1" />
              <MetadataToken />
              <Name>System.Collections.Generic.List`1&lt;SmartPacking.Application.WeightOptimizationSuggestion&gt; SmartPacking.Application.PackingInsightsService::BuildWeightSuggestions(SmartPacking.Application.TripPackingPlan,System.Collections.Generic.IReadOnlyList`1&lt;SmartPacking.Domain.ClothingItem&gt;,System.Guid)</Name>
              <FileRef uid="14" />
              <SequencePoints>
                <SequencePoint vc="0" uspid="39" ordinal="0" sl="39" sc="1" el="39" ec="2" bec="0" bev="0" fileid="14" />
                <SequencePoint vc="0" uspid="40" ordinal="1" sl="40" sc="1" el="40" ec="2" bec="0" bev="0" fileid="14" />
                <SequencePoint vc="0" uspid="41" ordinal="2" sl="41" sc="1" el="41" ec="2" bec="2" bev="0" fileid="14" />
                <SequencePoint vc="0" uspid="42" ordinal="3" sl="42" sc="1" el="42" ec="2" bec="0" bev="0" fileid="14" />
                <SequencePoint vc="0" uspid="43" ordinal="4" sl="43" sc="1" el="43" ec="2" bec="0" bev="0" fileid="14" />
                <SequencePoint vc="0" uspid="46" ordinal="5" sl="46" sc="1" el="46" ec="2" bec="0" bev="0" fileid="14" />
                <SequencePoint vc="0" uspid="47" ordinal="6" sl="47" sc="1" el="47" ec="2" bec="0" bev="0" fileid="14" />
                <SequencePoint vc="0" uspid="48" ordinal="7" sl="48" sc="1" el="48" ec="2" bec="0" bev="0" fileid="14" />
                <SequencePoint vc="0" uspid="49" ordinal="8" sl="49" sc="1" el="49" ec="2" bec="0" bev="0" fileid="14" />
                <SequencePoint vc="0" uspid="50" ordinal="9" sl="50" sc="1" el="50" ec="2" bec="0" bev="0" fileid="14" />
                <SequencePoint vc="0" uspid="51" ordinal="10" sl="51" sc="1" el="51" ec="2" bec="0" bev="0" fileid="14" />
                <SequencePoint vc="0" uspid="53" ordinal="11" sl="53" sc="1" el="53" ec="2" bec="2" bev="0" fileid="14" />
                <SequencePoint vc="0" uspid="54" ordinal="12" sl="54" sc="1" el="54" ec="2" bec="0" bev="0" fileid="14" />
                <SequencePoint vc="0" uspid="55" ordinal="13" sl="55" sc="1" el="55" ec="2" bec="2" bev="0" fileid="14" />
                <SequencePoint vc="0" uspid="56" ordinal="14" sl="56" sc="1" el="56" ec="2" bec="0" bev="0" fileid="14" />
                <SequencePoint vc="0" uspid="57" ordinal="15" sl="57" sc="1" el="57" ec="2" bec="0" bev="0" fileid="14" />
                <SequencePoint vc="0" uspid="60" ordinal="16" sl="60" sc="1" el="60" ec="2" bec="0" bev="0" fileid="14" />
                <SequencePoint vc="0" uspid="61" ordinal="17" sl="61" sc="1" el="61" ec="2" bec="0" bev="0" fileid="14" />
                <SequencePoint vc="0" uspid="62" ordinal="18" sl="62" sc="1" el="62" ec="2" bec="0" bev="0" fileid="14" />
                <SequencePoint vc="0" uspid="63" ordinal="19" sl="63" sc="1" el="63" ec="2" bec="0" bev="0" fileid="14" />
                <SequencePoint vc="0" uspid="64" ordinal="20" sl="64" sc="1" el="64" ec="2" bec="0" bev="0" fileid="14" />
                <SequencePoint vc="0" uspid="65" ordinal="21" sl="65" sc="1" el="65" ec="2" bec="2" bev="0" fileid="14" />
                <SequencePoint vc="0" uspid="66" ordinal="22" sl="66" sc="1" el="66" ec="2" bec="0" bev="0" fileid="14" />
                <SequencePoint vc="0" uspid="67" ordinal="23" sl="67" sc="1" el="67" ec="2" bec="0" bev="0" fileid="14" />
                <SequencePoint vc="0" uspid="68" ordinal="24" sl="68" sc="1" el="68" ec="2" bec="2" bev="0" fileid="14" />
                <SequencePoint vc="0" uspid="69" ordinal="25" sl="69" sc="1" el="69" ec="2" bec="0" bev="0" fileid="14" />
                <SequencePoint vc="0" uspid="70" ordinal="26" sl="70" sc="1" el="70" ec="2" bec="0" bev="0" fileid="14" />
                <SequencePoint vc="0" uspid="73" ordinal="27" sl="73" sc="1" el="73" ec="2" bec="2" bev="0" fileid="14" />
                <SequencePoint vc="0" uspid="74" ordinal="28" sl="74" sc="1" el="74" ec="2" bec="0" bev="0" fileid="14" />
                <SequencePoint vc="0" uspid="75" ordinal="29" sl="75" sc="1" el="75" ec="2" bec="0" bev="0" fileid="14" />
                <SequencePoint vc="0" uspid="77" ordinal="30" sl="77" sc="1" el="77" ec="2" bec="0" bev="0" fileid="14" />
                <SequencePoint vc="0" uspid="78" ordinal="31" sl="78" sc="1" el="78" ec="2" bec="0" bev="0" fileid="14" />
              </SequencePoints>
              <BranchPoints>
                <BranchPoint vc="0" uspid="41" ordinal="0" path="0" offset="44" offsetend="46" sl="41" fileid="14" />
                <BranchPoint vc="0" uspid="41" ordinal="1" path="1" offset="44" offsetend="59" sl="41" fileid="14" />
                <BranchPoint vc="0" uspid="53" ordinal="11" path="1" offset="528" offsetend="236" sl="53" fileid="14" />
                <BranchPoint vc="0" uspid="55" ordinal="2" path="0" offset="265" offsetend="267" sl="55" fileid="14" />
                <BranchPoint vc="0" uspid="55" ordinal="3" path="1" offset="265" offsetend="273" sl="55" fileid="14" />
                <BranchPoint vc="0" uspid="65" ordinal="4" path="0" offset="392" offsetend="394" sl="65" fileid="14" />
                <BranchPoint vc="0" uspid="65" ordinal="5" path="1" offset="392" offsetend="434" sl="65" fileid="14" />
                <BranchPoint vc="0" uspid="68" ordinal="6" path="0" offset="469" offsetend="471" sl="68" fileid="14" />
                <BranchPoint vc="0" uspid="68" ordinal="7" path="1" offset="469" offsetend="474" sl="68" fileid="14" />
                <BranchPoint vc="0" uspid="73" ordinal="8" path="0" offset="477" offsetend="479" sl="73" fileid="14" />
                <BranchPoint vc="0" uspid="73" ordinal="9" path="1" offset="477" offsetend="486" sl="73" fileid="14" />
                <BranchPoint vc="0" uspid="53" ordinal="10" path="0" offset="528" offsetend="533" sl="53" fileid="14" />
              </BranchPoints>
              <MethodPoint vc="0" uspid="0" p8:type="SequencePoint" ordinal="1" offset="1" sc="0" sl="39" ec="1" el="78" bec="0" bev="0" fileid="14" xmlns:p8="xsi" />
            </Method>
            <Method cyclomaticComplexity="10" nPathComplexity="10" sequenceCoverage="0" branchCoverage="0" isConstructor="False" isGetter="False" isSetter="False" isStatic="True">
              <Summary numSequencePoints="20" visitedSequencePoints="0" numBranchPoints="10" visitedBranchPoints="0" sequenceCoverage="0" branchCoverage="0" maxCyclomaticComplexity="10" minCyclomaticComplexity="10" visitedClasses="0" numClasses="0" visitedMethods="0" numMethods="1" />
              <MetadataToken />
              <Name>System.Collections.Generic.List`1&lt;SmartPacking.Application.WeatherRecommendationChange&gt; SmartPacking.Application.PackingInsightsService::BuildWeatherChanges(SmartPacking.Application.TripPackingPlan,System.Collections.Generic.IReadOnlyList`1&lt;SmartPacking.Domain.ClothingItem&gt;,System.Guid,SmartPacking.Application.TripWeatherForecast)</Name>
              <FileRef uid="14" />
              <SequencePoints>
                <SequencePoint vc="0" uspid="81" ordinal="0" sl="81" sc="1" el="81" ec="2" bec="0" bev="0" fileid="14" />
                <SequencePoint vc="0" uspid="82" ordinal="1" sl="82" sc="1" el="82" ec="2" bec="2" bev="0" fileid="14" />
                <SequencePoint vc="0" uspid="83" ordinal="2" sl="83" sc="1" el="83" ec="2" bec="0" bev="0" fileid="14" />
                <SequencePoint vc="0" uspid="84" ordinal="3" sl="84" sc="1" el="84" ec="2" bec="0" bev="0" fileid="14" />
                <SequencePoint vc="0" uspid="87" ordinal="4" sl="87" sc="1" el="87" ec="2" bec="0" bev="0" fileid="14" />
                <SequencePoint vc="0" uspid="88" ordinal="5" sl="88" sc="1" el="88" ec="2" bec="0" bev="0" fileid="14" />
                <SequencePoint vc="0" uspid="89" ordinal="6" sl="89" sc="1" el="89" ec="2" bec="0" bev="0" fileid="14" />
                <SequencePoint vc="0" uspid="90" ordinal="7" sl="90" sc="1" el="90" ec="2" bec="0" bev="0" fileid="14" />
                <SequencePoint vc="0" uspid="91" ordinal="8" sl="91" sc="1" el="91" ec="2" bec="0" bev="0" fileid="14" />
                <SequencePoint vc="0" uspid="92" ordinal="9" sl="92" sc="1" el="92" ec="2" bec="0" bev="0" fileid="14" />
                <SequencePoint vc="0" uspid="94" ordinal="10" sl="94" sc="1" el="94" ec="2" bec="4" bev="0" fileid="14" />
                <SequencePoint vc="0" uspid="95" ordinal="11" sl="95" sc="1" el="95" ec="2" bec="0" bev="0" fileid="14" />
                <SequencePoint vc="0" uspid="96" ordinal="12" sl="96" sc="1" el="96" ec="2" bec="0" bev="0" fileid="14" />
                <SequencePoint vc="0" uspid="97" ordinal="13" sl="97" sc="1" el="97" ec="2" bec="0" bev="0" fileid="14" />
                <SequencePoint vc="0" uspid="99" ordinal="14" sl="99" sc="1" el="99" ec="2" bec="4" bev="0" fileid="14" />
                <SequencePoint vc="0" uspid="100" ordinal="15" sl="100" sc="1" el="100" ec="2" bec="0" bev="0" fileid="14" />
                <SequencePoint vc="0" uspid="101" ordinal="16" sl="101" sc="1" el="101" ec="2" bec="0" bev="0" fileid="14" />
                <SequencePoint vc="0" uspid="102" ordinal="17" sl="102" sc="1" el="102" ec="2" bec="0" bev="0" fileid="14" />
                <SequencePoint vc="0" uspid="104" ordinal="18" sl="104" sc="1" el="104" ec="2" bec="0" bev="0" fileid="14" />
                <SequencePoint vc="0" uspid="105" ordinal="19" sl="105" sc="1" el="105" ec="2" bec="0" bev="0" fileid="14" />
              </SequencePoints>
              <BranchPoints>
                <BranchPoint vc="0" uspid="82" ordinal="0" path="0" offset="22" offsetend="24" sl="82" fileid="14" />
                <BranchPoint vc="0" uspid="82" ordinal="1" path="1" offset="22" offsetend="37" sl="82" fileid="14" />
                <BranchPoint vc="0" uspid="94" ordinal="2" path="0" offset="264" offsetend="266" sl="94" fileid="14" />
                <BranchPoint vc="0" uspid="94" ordinal="3" path="1" offset="264" offsetend="290" sl="94" fileid="14" />
                <BranchPoint vc="0" uspid="94" ordinal="5" path="1" offset="369" offsetend="310" sl="94" fileid="14" />
                <BranchPoint vc="0" uspid="94" ordinal="4" path="0" offset="369" offsetend="371" sl="94" fileid="14" />
                <BranchPoint vc="0" uspid="99" ordinal="6" path="0" offset="400" offsetend="402" sl="99" fileid="14" />
                <BranchPoint vc="0" uspid="99" ordinal="7" path="1" offset="400" offsetend="426" sl="99" fileid="14" />
                <BranchPoint vc="0" uspid="99" ordinal="9" path="1" offset="500" offsetend="446" sl="99" fileid="14" />
                <BranchPoint vc="0" uspid="99" ordinal="8" path="0" offset="500" offsetend="502" sl="99" fileid="14" />
              </BranchPoints>
              <MethodPoint vc="0" uspid="0" p8:type="SequencePoint" ordinal="2" offset="2" sc="0" sl="81" ec="1" el="105" bec="0" bev="0" fileid="14" xmlns:p8="xsi" />
            </Method>
            <Method cyclomaticComplexity="1" nPathComplexity="1" sequenceCoverage="0" branchCoverage="100" isConstructor="False" isGetter="False" isSetter="False" isStatic="True">
              <Summary numSequencePoints="6" visitedSequencePoints="0" numBranchPoints="0" visitedBranchPoints="0" sequenceCoverage="0" branchCoverage="100" maxCyclomaticComplexity="1" minCyclomaticComplexity="1" visitedClasses="0" numClasses="0" visitedMethods="0" numMethods="1" />
              <MetadataToken />
              <Name>SmartPacking.Application.FamilyPackingSuggestion[] SmartPacking.Application.PackingInsightsService::BuildSharedItems(System.Collections.Generic.IReadOnlyList`1&lt;SmartPacking.Application.ProfileTripPackingPlan&gt;)</Name>
              <FileRef uid="14" />
              <SequencePoints>
                <SequencePoint vc="0" uspid="108" ordinal="0" sl="108" sc="1" el="108" ec="2" bec="0" bev="0" fileid="14" />
                <SequencePoint vc="0" uspid="109" ordinal="1" sl="109" sc="1" el="109" ec="2" bec="0" bev="0" fileid="14" />
                <SequencePoint vc="0" uspid="110" ordinal="2" sl="110" sc="1" el="110" ec="2" bec="0" bev="0" fileid="14" />
                <SequencePoint vc="0" uspid="111" ordinal="3" sl="111" sc="1" el="111" ec="2" bec="0" bev="0" fileid="14" />
                <SequencePoint vc="0" uspid="112" ordinal="4" sl="112" sc="1" el="112" ec="2" bec="0" bev="0" fileid="14" />
                <SequencePoint vc="0" uspid="113" ordinal="5" sl="113" sc="1" el="113" ec="2" bec="0" bev="0" fileid="14" />
              </SequencePoints>
              <BranchPoints />
              <MethodPoint vc="0" uspid="0" p8:type="SequencePoint" ordinal="3" offset="3" sc="0" sl="108" ec="1" el="113" bec="0" bev="0" fileid="14" xmlns:p8="xsi" />
            </Method>
            <Method cyclomaticComplexity="1" nPathComplexity="1" sequenceCoverage="0" branchCoverage="100" isConstructor="False" isGetter="False" isSetter="False" isStatic="True">
              <Summary numSequencePoints="10" visitedSequencePoints="0" numBranchPoints="0" visitedBranchPoints="0" sequenceCoverage="0" branchCoverage="100" maxCyclomaticComplexity="1" minCyclomaticComplexity="1" visitedClasses="0" numClasses="0" visitedMethods="0" numMethods="1" />
              <MetadataToken />
              <Name>SmartPacking.Application.FamilyPackingSuggestion[] SmartPacking.Application.PackingInsightsService::BuildDuplicates(System.Collections.Generic.IReadOnlyList`1&lt;SmartPacking.Application.ProfileTripPackingPlan&gt;)</Name>
              <FileRef uid="14" />
              <SequencePoints>
                <SequencePoint vc="0" uspid="116" ordinal="0" sl="116" sc="1" el="116" ec="2" bec="0" bev="0" fileid="14" />
                <SequencePoint vc="0" uspid="117" ordinal="1" sl="117" sc="1" el="117" ec="2" bec="0" bev="0" fileid="14" />
                <SequencePoint vc="0" uspid="118" ordinal="2" sl="118" sc="1" el="118" ec="2" bec="0" bev="0" fileid="14" />
                <SequencePoint vc="0" uspid="119" ordinal="3" sl="119" sc="1" el="119" ec="2" bec="0" bev="0" fileid="14" />
                <SequencePoint vc="0" uspid="120" ordinal="4" sl="120" sc="1" el="120" ec="2" bec="0" bev="0" fileid="14" />
                <SequencePoint vc="0" uspid="121" ordinal="5" sl="121" sc="1" el="121" ec="2" bec="0" bev="0" fileid="14" />
                <SequencePoint vc="0" uspid="122" ordinal="6" sl="122" sc="1" el="122" ec="2" bec="0" bev="0" fileid="14" />
                <SequencePoint vc="0" uspid="123" ordinal="7" sl="123" sc="1" el="123" ec="2" bec="0" bev="0" fileid="14" />
                <SequencePoint vc="0" uspid="124" ordinal="8" sl="124" sc="1" el="124" ec="2" bec="0" bev="0" fileid="14" />
                <SequencePoint vc="0" uspid="125" ordinal="9" sl="125" sc="1" el="125" ec="2" bec="0" bev="0" fileid="14" />
              </SequencePoints>
              <BranchPoints />
              <MethodPoint vc="0" uspid="0" p8:type="SequencePoint" ordinal="4" offset="4" sc="0" sl="116" ec="1" el="125" bec="0" bev="0" fileid="14" xmlns:p8="xsi" />
            </Method>
            <Method cyclomaticComplexity="10" nPathComplexity="10" sequenceCoverage="0" branchCoverage="0" isConstructor="False" isGetter="False" isSetter="False" isStatic="True">
              <Summary numSequencePoints="21" visitedSequencePoints="0" numBranchPoints="10" visitedBranchPoints="0" sequenceCoverage="0" branchCoverage="0" maxCyclomaticComplexity="10" minCyclomaticComplexity="10" visitedClasses="0" numClasses="0" visitedMethods="0" numMethods="1" />
              <MetadataToken />
              <Name>SmartPacking.Application.LaundryReuseSuggestion[] SmartPacking.Application.PackingInsightsService::BuildLaundryReuse(SmartPacking.Application.TripPackingPlan)</Name>
              <FileRef uid="14" />
              <SequencePoints>
                <SequencePoint vc="0" uspid="128" ordinal="0" sl="128" sc="1" el="128" ec="2" bec="0" bev="0" fileid="14" />
                <SequencePoint vc="0" uspid="129" ordinal="1" sl="129" sc="1" el="129" ec="2" bec="2" bev="0" fileid="14" />
                <SequencePoint vc="0" uspid="130" ordinal="2" sl="130" sc="1" el="130" ec="2" bec="0" bev="0" fileid="14" />
                <SequencePoint vc="0" uspid="131" ordinal="3" sl="131" sc="1" el="131" ec="2" bec="0" bev="0" fileid="14" />
                <SequencePoint vc="0" uspid="134" ordinal="4" sl="134" sc="1" el="134" ec="2" bec="0" bev="0" fileid="14" />
                <SequencePoint vc="0" uspid="135" ordinal="5" sl="135" sc="1" el="135" ec="2" bec="0" bev="0" fileid="14" />
                <SequencePoint vc="0" uspid="136" ordinal="6" sl="136" sc="1" el="136" ec="2" bec="0" bev="0" fileid="14" />
                <SequencePoint vc="0" uspid="137" ordinal="7" sl="137" sc="1" el="137" ec="2" bec="0" bev="0" fileid="14" />
                <SequencePoint vc="0" uspid="138" ordinal="8" sl="138" sc="1" el="138" ec="2" bec="0" bev="0" fileid="14" />
                <SequencePoint vc="0" uspid="139" ordinal="9" sl="139" sc="1" el="139" ec="2" bec="0" bev="0" fileid="14" />
                <SequencePoint vc="0" uspid="140" ordinal="10" sl="140" sc="1" el="140" ec="2" bec="2" bev="0" fileid="14" />
                <SequencePoint vc="0" uspid="141" ordinal="11" sl="141" sc="1" el="141" ec="2" bec="0" bev="0" fileid="14" />
                <SequencePoint vc="0" uspid="142" ordinal="12" sl="142" sc="1" el="142" ec="2" bec="0" bev="0" fileid="14" />
                <SequencePoint vc="0" uspid="145" ordinal="13" sl="145" sc="1" el="145" ec="2" bec="0" bev="0" fileid="14" />
                <SequencePoint vc="0" uspid="146" ordinal="14" sl="146" sc="1" el="146" ec="2" bec="0" bev="0" fileid="14" />
                <SequencePoint vc="0" uspid="147" ordinal="15" sl="147" sc="1" el="147" ec="2" bec="0" bev="0" fileid="14" />
                <SequencePoint vc="0" uspid="148" ordinal="16" sl="148" sc="1" el="148" ec="2" bec="2" bev="0" fileid="14" />
                <SequencePoint vc="0" uspid="149" ordinal="17" sl="149" sc="1" el="149" ec="2" bec="2" bev="0" fileid="14" />
                <SequencePoint vc="0" uspid="150" ordinal="18" sl="150" sc="1" el="150" ec="2" bec="2" bev="0" fileid="14" />
                <SequencePoint vc="0" uspid="151" ordinal="19" sl="151" sc="1" el="151" ec="2" bec="0" bev="0" fileid="14" />
                <SequencePoint vc="0" uspid="152" ordinal="20" sl="152" sc="1" el="152" ec="2" bec="0" bev="0" fileid="14" />
              </SequencePoints>
              <BranchPoints>
                <BranchPoint vc="0" uspid="129" ordinal="0" path="0" offset="25" offsetend="27" sl="129" fileid="14" />
                <BranchPoint vc="0" uspid="129" ordinal="1" path="1" offset="25" offsetend="40" sl="129" fileid="14" />
                <BranchPoint vc="0" uspid="140" ordinal="2" path="0" offset="219" offsetend="221" sl="140" fileid="14" />
                <BranchPoint vc="0" uspid="140" ordinal="3" path="1" offset="219" offsetend="234" sl="140" fileid="14" />
                <BranchPoint vc="0" uspid="148" ordinal="4" path="0" offset="264" offsetend="266" sl="148" fileid="14" />
                <BranchPoint vc="0" uspid="148" ordinal="5" path="1" offset="264" offsetend="315" sl="148" fileid="14" />
                <BranchPoint vc="0" uspid="149" ordinal="6" path="0" offset="370" offsetend="372" sl="149" fileid="14" />
                <BranchPoint vc="0" uspid="149" ordinal="7" path="1" offset="370" offsetend="379" sl="149" fileid="14" />
                <BranchPoint vc="0" uspid="150" ordinal="8" path="0" offset="418" offsetend="420" sl="150" fileid="14" />
                <BranchPoint vc="0" uspid="150" ordinal="9" path="1" offset="418" offsetend="427" sl="150" fileid="14" />
              </BranchPoints>
              <MethodPoint vc="0" uspid="0" p8:type="SequencePoint" ordinal="5" offset="5" sc="0" sl="128" ec="1" el="152" bec="0" bev="0" fileid="14" xmlns:p8="xsi" />
            </Method>
          </Methods>
        </Class>
        <Class>
          <Summary numSequencePoints="1" visitedSequencePoints="1" numBranchPoints="0" visitedBranchPoints="0" sequenceCoverage="100" branchCoverage="100" maxCyclomaticComplexity="1" minCyclomaticComplexity="1" visitedClasses="1" numClasses="1" visitedMethods="1" numMethods="1" />
          <FullName>SmartPacking.Application.PackingListService</FullName>
          <Methods>
            <Method cyclomaticComplexity="1" nPathComplexity="1" sequenceCoverage="100" branchCoverage="100" isConstructor="True" isGetter="False" isSetter="False" isStatic="True">
              <Summary numSequencePoints="1" visitedSequencePoints="1" numBranchPoints="0" visitedBranchPoints="0" sequenceCoverage="100" branchCoverage="100" maxCyclomaticComplexity="1" minCyclomaticComplexity="1" visitedClasses="0" numClasses="0" visitedMethods="1" numMethods="1" />
              <MetadataToken />
              <Name>System.Void SmartPacking.Application.PackingListService::.ctor(SmartPacking.Application.ISmartPackingStore)</Name>
              <FileRef uid="15" />
              <SequencePoints>
                <SequencePoint vc="2" uspid="8" ordinal="0" sl="8" sc="1" el="8" ec="2" bec="0" bev="0" fileid="15" />
              </SequencePoints>
              <BranchPoints />
              <MethodPoint vc="1" uspid="0" p8:type="SequencePoint" ordinal="0" offset="0" sc="0" sl="8" ec="1" el="8" bec="0" bev="0" fileid="15" xmlns:p8="xsi" />
            </Method>
          </Methods>
        </Class>
        <Class>
          <Summary numSequencePoints="60" visitedSequencePoints="56" numBranchPoints="50" visitedBranchPoints="29" sequenceCoverage="93.33" branchCoverage="58" maxCyclomaticComplexity="28" minCyclomaticComplexity="4" visitedClasses="1" numClasses="1" visitedMethods="4" numMethods="4" />
          <FullName>SmartPacking.Application.PackingRecommendationService</FullName>
          <Methods>
            <Method cyclomaticComplexity="4" nPathComplexity="4" sequenceCoverage="100" branchCoverage="100" isConstructor="False" isGetter="False" isSetter="False" isStatic="True">
              <Summary numSequencePoints="19" visitedSequencePoints="19" numBranchPoints="4" visitedBranchPoints="4" sequenceCoverage="100" branchCoverage="100" maxCyclomaticComplexity="4" minCyclomaticComplexity="4" visitedClasses="0" numClasses="0" visitedMethods="1" numMethods="1" />
              <MetadataToken />
              <Name>SmartPacking.Application.PackingRecommendation SmartPacking.Application.PackingRecommendationService::Recommend(SmartPacking.Domain.Trip,System.Collections.Generic.IEnumerable`1&lt;SmartPacking.Domain.ClothingItem&gt;,SmartPacking.Application.TripWeatherForecast)</Name>
              <FileRef uid="16" />
              <SequencePoints>
                <SequencePoint vc="1" uspid="11" ordinal="0" sl="11" sc="1" el="11" ec="2" bec="0" bev="0" fileid="16" />
                <SequencePoint vc="1" uspid="12" ordinal="1" sl="12" sc="1" el="12" ec="2" bec="0" bev="0" fileid="16" />
                <SequencePoint vc="1" uspid="13" ordinal="2" sl="13" sc="1" el="13" ec="2" bec="0" bev="0" fileid="16" />
                <SequencePoint vc="13" uspid="15" ordinal="3" sl="15" sc="1" el="15" ec="2" bec="2" bev="2" fileid="16" />
                <SequencePoint vc="5" uspid="16" ordinal="4" sl="16" sc="1" el="16" ec="2" bec="0" bev="0" fileid="16" />
                <SequencePoint vc="5" uspid="17" ordinal="5" sl="17" sc="1" el="17" ec="2" bec="0" bev="0" fileid="16" />
                <SequencePoint vc="5" uspid="18" ordinal="6" sl="18" sc="1" el="18" ec="2" bec="2" bev="2" fileid="16" />
                <SequencePoint vc="5" uspid="19" ordinal="7" sl="19" sc="1" el="19" ec="2" bec="0" bev="0" fileid="16" />
                <SequencePoint vc="5" uspid="20" ordinal="8" sl="20" sc="1" el="20" ec="2" bec="0" bev="0" fileid="16" />
                <SequencePoint vc="5" uspid="21" ordinal="9" sl="21" sc="1" el="21" ec="2" bec="0" bev="0" fileid="16" />
                <SequencePoint vc="5" uspid="22" ordinal="10" sl="22" sc="1" el="22" ec="2" bec="0" bev="0" fileid="16" />
                <SequencePoint vc="5" uspid="23" ordinal="11" sl="23" sc="1" el="23" ec="2" bec="0" bev="0" fileid="16" />
                <SequencePoint vc="1" uspid="25" ordinal="12" sl="25" sc="1" el="25" ec="2" bec="0" bev="0" fileid="16" />
                <SequencePoint vc="1" uspid="26" ordinal="13" sl="26" sc="1" el="26" ec="2" bec="0" bev="0" fileid="16" />
                <SequencePoint vc="1" uspid="27" ordinal="14" sl="27" sc="1" el="27" ec="2" bec="0" bev="0" fileid="16" />
                <SequencePoint vc="1" uspid="28" ordinal="15" sl="28" sc="1" el="28" ec="2" bec="0" bev="0" fileid="16" />
                <SequencePoint vc="1" uspid="29" ordinal="16" sl="29" sc="1" el="29" ec="2" bec="0" bev="0" fileid="16" />
                <SequencePoint vc="1" uspid="31" ordinal="17" sl="31" sc="1" el="31" ec="2" bec="0" bev="0" fileid="16" />
[...]
                <SequencePoint vc="0" uspid="246" ordinal="219" sl="246" sc="1" el="246" ec="2" bec="0" bev="0" fileid="47" />
                <SequencePoint vc="0" uspid="247" ordinal="220" sl="247" sc="1" el="247" ec="2" bec="0" bev="0" fileid="47" />
                <SequencePoint vc="0" uspid="248" ordinal="221" sl="248" sc="1" el="248" ec="2" bec="0" bev="0" fileid="47" />
                <SequencePoint vc="0" uspid="249" ordinal="222" sl="249" sc="1" el="249" ec="2" bec="0" bev="0" fileid="47" />
                <SequencePoint vc="0" uspid="250" ordinal="223" sl="250" sc="1" el="250" ec="2" bec="0" bev="0" fileid="47" />
                <SequencePoint vc="0" uspid="251" ordinal="224" sl="251" sc="1" el="251" ec="2" bec="0" bev="0" fileid="47" />
                <SequencePoint vc="0" uspid="252" ordinal="225" sl="252" sc="1" el="252" ec="2" bec="0" bev="0" fileid="47" />
                <SequencePoint vc="0" uspid="253" ordinal="226" sl="253" sc="1" el="253" ec="2" bec="0" bev="0" fileid="47" />
                <SequencePoint vc="0" uspid="254" ordinal="227" sl="254" sc="1" el="254" ec="2" bec="0" bev="0" fileid="47" />
                <SequencePoint vc="0" uspid="255" ordinal="228" sl="255" sc="1" el="255" ec="2" bec="0" bev="0" fileid="47" />
                <SequencePoint vc="0" uspid="256" ordinal="229" sl="256" sc="1" el="256" ec="2" bec="0" bev="0" fileid="47" />
                <SequencePoint vc="0" uspid="258" ordinal="230" sl="258" sc="1" el="258" ec="2" bec="0" bev="0" fileid="47" />
                <SequencePoint vc="0" uspid="259" ordinal="231" sl="259" sc="1" el="259" ec="2" bec="0" bev="0" fileid="47" />
                <SequencePoint vc="0" uspid="260" ordinal="232" sl="260" sc="1" el="260" ec="2" bec="0" bev="0" fileid="47" />
                <SequencePoint vc="0" uspid="261" ordinal="233" sl="261" sc="1" el="261" ec="2" bec="0" bev="0" fileid="47" />
                <SequencePoint vc="0" uspid="262" ordinal="234" sl="262" sc="1" el="262" ec="2" bec="0" bev="0" fileid="47" />
                <SequencePoint vc="0" uspid="263" ordinal="235" sl="263" sc="1" el="263" ec="2" bec="0" bev="0" fileid="47" />
                <SequencePoint vc="0" uspid="264" ordinal="236" sl="264" sc="1" el="264" ec="2" bec="0" bev="0" fileid="47" />
                <SequencePoint vc="0" uspid="265" ordinal="237" sl="265" sc="1" el="265" ec="2" bec="0" bev="0" fileid="47" />
                <SequencePoint vc="0" uspid="266" ordinal="238" sl="266" sc="1" el="266" ec="2" bec="0" bev="0" fileid="47" />
                <SequencePoint vc="0" uspid="267" ordinal="239" sl="267" sc="1" el="267" ec="2" bec="0" bev="0" fileid="47" />
                <SequencePoint vc="0" uspid="268" ordinal="240" sl="268" sc="1" el="268" ec="2" bec="0" bev="0" fileid="47" />
                <SequencePoint vc="0" uspid="269" ordinal="241" sl="269" sc="1" el="269" ec="2" bec="0" bev="0" fileid="47" />
                <SequencePoint vc="0" uspid="270" ordinal="242" sl="270" sc="1" el="270" ec="2" bec="0" bev="0" fileid="47" />
                <SequencePoint vc="0" uspid="271" ordinal="243" sl="271" sc="1" el="271" ec="2" bec="0" bev="0" fileid="47" />
                <SequencePoint vc="0" uspid="272" ordinal="244" sl="272" sc="1" el="272" ec="2" bec="0" bev="0" fileid="47" />
                <SequencePoint vc="0" uspid="273" ordinal="245" sl="273" sc="1" el="273" ec="2" bec="0" bev="0" fileid="47" />
                <SequencePoint vc="0" uspid="274" ordinal="246" sl="274" sc="1" el="274" ec="2" bec="0" bev="0" fileid="47" />
                <SequencePoint vc="0" uspid="275" ordinal="247" sl="275" sc="1" el="275" ec="2" bec="0" bev="0" fileid="47" />
                <SequencePoint vc="0" uspid="276" ordinal="248" sl="276" sc="1" el="276" ec="2" bec="0" bev="0" fileid="47" />
                <SequencePoint vc="0" uspid="277" ordinal="249" sl="277" sc="1" el="277" ec="2" bec="0" bev="0" fileid="47" />
                <SequencePoint vc="0" uspid="278" ordinal="250" sl="278" sc="1" el="278" ec="2" bec="0" bev="0" fileid="47" />
                <SequencePoint vc="0" uspid="279" ordinal="251" sl="279" sc="1" el="279" ec="2" bec="0" bev="0" fileid="47" />
                <SequencePoint vc="0" uspid="280" ordinal="252" sl="280" sc="1" el="280" ec="2" bec="0" bev="0" fileid="47" />
                <SequencePoint vc="0" uspid="281" ordinal="253" sl="281" sc="1" el="281" ec="2" bec="0" bev="0" fileid="47" />
                <SequencePoint vc="0" uspid="282" ordinal="254" sl="282" sc="1" el="282" ec="2" bec="0" bev="0" fileid="47" />
                <SequencePoint vc="0" uspid="283" ordinal="255" sl="283" sc="1" el="283" ec="2" bec="0" bev="0" fileid="47" />
                <SequencePoint vc="0" uspid="284" ordinal="256" sl="284" sc="1" el="284" ec="2" bec="0" bev="0" fileid="47" />
                <SequencePoint vc="0" uspid="285" ordinal="257" sl="285" sc="1" el="285" ec="2" bec="0" bev="0" fileid="47" />
                <SequencePoint vc="0" uspid="286" ordinal="258" sl="286" sc="1" el="286" ec="2" bec="0" bev="0" fileid="47" />
                <SequencePoint vc="0" uspid="287" ordinal="259" sl="287" sc="1" el="287" ec="2" bec="0" bev="0" fileid="47" />
                <SequencePoint vc="0" uspid="288" ordinal="260" sl="288" sc="1" el="288" ec="2" bec="0" bev="0" fileid="47" />
                <SequencePoint vc="0" uspid="289" ordinal="261" sl="289" sc="1" el="289" ec="2" bec="0" bev="0" fileid="47" />
                <SequencePoint vc="0" uspid="290" ordinal="262" sl="290" sc="1" el="290" ec="2" bec="0" bev="0" fileid="47" />
                <SequencePoint vc="0" uspid="291" ordinal="263" sl="291" sc="1" el="291" ec="2" bec="0" bev="0" fileid="47" />
                <SequencePoint vc="0" uspid="292" ordinal="264" sl="292" sc="1" el="292" ec="2" bec="0" bev="0" fileid="47" />
                <SequencePoint vc="0" uspid="293" ordinal="265" sl="293" sc="1" el="293" ec="2" bec="0" bev="0" fileid="47" />
                <SequencePoint vc="0" uspid="294" ordinal="266" sl="294" sc="1" el="294" ec="2" bec="0" bev="0" fileid="47" />
                <SequencePoint vc="0" uspid="295" ordinal="267" sl="295" sc="1" el="295" ec="2" bec="0" bev="0" fileid="47" />
                <SequencePoint vc="0" uspid="296" ordinal="268" sl="296" sc="1" el="296" ec="2" bec="0" bev="0" fileid="47" />
                <SequencePoint vc="0" uspid="297" ordinal="269" sl="297" sc="1" el="297" ec="2" bec="0" bev="0" fileid="47" />
                <SequencePoint vc="0" uspid="298" ordinal="270" sl="298" sc="1" el="298" ec="2" bec="0" bev="0" fileid="47" />
                <SequencePoint vc="0" uspid="299" ordinal="271" sl="299" sc="1" el="299" ec="2" bec="0" bev="0" fileid="47" />
                <SequencePoint vc="0" uspid="300" ordinal="272" sl="300" sc="1" el="300" ec="2" bec="0" bev="0" fileid="47" />
                <SequencePoint vc="0" uspid="301" ordinal="273" sl="301" sc="1" el="301" ec="2" bec="0" bev="0" fileid="47" />
                <SequencePoint vc="0" uspid="302" ordinal="274" sl="302" sc="1" el="302" ec="2" bec="0" bev="0" fileid="47" />
                <SequencePoint vc="0" uspid="303" ordinal="275" sl="303" sc="1" el="303" ec="2" bec="0" bev="0" fileid="47" />
                <SequencePoint vc="0" uspid="304" ordinal="276" sl="304" sc="1" el="304" ec="2" bec="0" bev="0" fileid="47" />
                <SequencePoint vc="0" uspid="305" ordinal="277" sl="305" sc="1" el="305" ec="2" bec="0" bev="0" fileid="47" />
                <SequencePoint vc="0" uspid="306" ordinal="278" sl="306" sc="1" el="306" ec="2" bec="0" bev="0" fileid="47" />
                <SequencePoint vc="0" uspid="307" ordinal="279" sl="307" sc="1" el="307" ec="2" bec="0" bev="0" fileid="47" />
                <SequencePoint vc="0" uspid="308" ordinal="280" sl="308" sc="1" el="308" ec="2" bec="0" bev="0" fileid="47" />
                <SequencePoint vc="0" uspid="309" ordinal="281" sl="309" sc="1" el="309" ec="2" bec="0" bev="0" fileid="47" />
                <SequencePoint vc="0" uspid="310" ordinal="282" sl="310" sc="1" el="310" ec="2" bec="0" bev="0" fileid="47" />
                <SequencePoint vc="0" uspid="311" ordinal="283" sl="311" sc="1" el="311" ec="2" bec="0" bev="0" fileid="47" />
                <SequencePoint vc="0" uspid="312" ordinal="284" sl="312" sc="1" el="312" ec="2" bec="0" bev="0" fileid="47" />
                <SequencePoint vc="0" uspid="313" ordinal="285" sl="313" sc="1" el="313" ec="2" bec="0" bev="0" fileid="47" />
                <SequencePoint vc="0" uspid="314" ordinal="286" sl="314" sc="1" el="314" ec="2" bec="0" bev="0" fileid="47" />
                <SequencePoint vc="0" uspid="315" ordinal="287" sl="315" sc="1" el="315" ec="2" bec="0" bev="0" fileid="47" />
                <SequencePoint vc="0" uspid="316" ordinal="288" sl="316" sc="1" el="316" ec="2" bec="0" bev="0" fileid="47" />
                <SequencePoint vc="0" uspid="317" ordinal="289" sl="317" sc="1" el="317" ec="2" bec="0" bev="0" fileid="47" />
                <SequencePoint vc="0" uspid="318" ordinal="290" sl="318" sc="1" el="318" ec="2" bec="0" bev="0" fileid="47" />
                <SequencePoint vc="0" uspid="319" ordinal="291" sl="319" sc="1" el="319" ec="2" bec="0" bev="0" fileid="47" />
                <SequencePoint vc="0" uspid="320" ordinal="292" sl="320" sc="1" el="320" ec="2" bec="0" bev="0" fileid="47" />
                <SequencePoint vc="0" uspid="321" ordinal="293" sl="321" sc="1" el="321" ec="2" bec="0" bev="0" fileid="47" />
                <SequencePoint vc="0" uspid="322" ordinal="294" sl="322" sc="1" el="322" ec="2" bec="0" bev="0" fileid="47" />
                <SequencePoint vc="0" uspid="323" ordinal="295" sl="323" sc="1" el="323" ec="2" bec="0" bev="0" fileid="47" />
                <SequencePoint vc="0" uspid="324" ordinal="296" sl="324" sc="1" el="324" ec="2" bec="0" bev="0" fileid="47" />
                <SequencePoint vc="0" uspid="325" ordinal="297" sl="325" sc="1" el="325" ec="2" bec="0" bev="0" fileid="47" />
                <SequencePoint vc="0" uspid="326" ordinal="298" sl="326" sc="1" el="326" ec="2" bec="0" bev="0" fileid="47" />
                <SequencePoint vc="0" uspid="327" ordinal="299" sl="327" sc="1" el="327" ec="2" bec="0" bev="0" fileid="47" />
                <SequencePoint vc="0" uspid="328" ordinal="300" sl="328" sc="1" el="328" ec="2" bec="0" bev="0" fileid="47" />
                <SequencePoint vc="0" uspid="330" ordinal="301" sl="330" sc="1" el="330" ec="2" bec="0" bev="0" fileid="47" />
                <SequencePoint vc="0" uspid="331" ordinal="302" sl="331" sc="1" el="331" ec="2" bec="0" bev="0" fileid="47" />
                <SequencePoint vc="0" uspid="332" ordinal="303" sl="332" sc="1" el="332" ec="2" bec="0" bev="0" fileid="47" />
                <SequencePoint vc="0" uspid="333" ordinal="304" sl="333" sc="1" el="333" ec="2" bec="0" bev="0" fileid="47" />
                <SequencePoint vc="0" uspid="334" ordinal="305" sl="334" sc="1" el="334" ec="2" bec="0" bev="0" fileid="47" />
                <SequencePoint vc="0" uspid="335" ordinal="306" sl="335" sc="1" el="335" ec="2" bec="0" bev="0" fileid="47" />
                <SequencePoint vc="0" uspid="336" ordinal="307" sl="336" sc="1" el="336" ec="2" bec="0" bev="0" fileid="47" />
                <SequencePoint vc="0" uspid="337" ordinal="308" sl="337" sc="1" el="337" ec="2" bec="0" bev="0" fileid="47" />
                <SequencePoint vc="0" uspid="338" ordinal="309" sl="338" sc="1" el="338" ec="2" bec="0" bev="0" fileid="47" />
                <SequencePoint vc="0" uspid="339" ordinal="310" sl="339" sc="1" el="339" ec="2" bec="0" bev="0" fileid="47" />
                <SequencePoint vc="0" uspid="340" ordinal="311" sl="340" sc="1" el="340" ec="2" bec="0" bev="0" fileid="47" />
                <SequencePoint vc="0" uspid="341" ordinal="312" sl="341" sc="1" el="341" ec="2" bec="0" bev="0" fileid="47" />
                <SequencePoint vc="0" uspid="342" ordinal="313" sl="342" sc="1" el="342" ec="2" bec="0" bev="0" fileid="47" />
                <SequencePoint vc="0" uspid="343" ordinal="314" sl="343" sc="1" el="343" ec="2" bec="0" bev="0" fileid="47" />
                <SequencePoint vc="0" uspid="344" ordinal="315" sl="344" sc="1" el="344" ec="2" bec="0" bev="0" fileid="47" />
                <SequencePoint vc="0" uspid="345" ordinal="316" sl="345" sc="1" el="345" ec="2" bec="0" bev="0" fileid="47" />
                <SequencePoint vc="0" uspid="346" ordinal="317" sl="346" sc="1" el="346" ec="2" bec="0" bev="0" fileid="47" />
                <SequencePoint vc="0" uspid="348" ordinal="318" sl="348" sc="1" el="348" ec="2" bec="0" bev="0" fileid="47" />
                <SequencePoint vc="0" uspid="349" ordinal="319" sl="349" sc="1" el="349" ec="2" bec="0" bev="0" fileid="47" />
                <SequencePoint vc="0" uspid="350" ordinal="320" sl="350" sc="1" el="350" ec="2" bec="0" bev="0" fileid="47" />
                <SequencePoint vc="0" uspid="351" ordinal="321" sl="351" sc="1" el="351" ec="2" bec="0" bev="0" fileid="47" />
                <SequencePoint vc="0" uspid="352" ordinal="322" sl="352" sc="1" el="352" ec="2" bec="0" bev="0" fileid="47" />
                <SequencePoint vc="0" uspid="353" ordinal="323" sl="353" sc="1" el="353" ec="2" bec="0" bev="0" fileid="47" />
                <SequencePoint vc="0" uspid="354" ordinal="324" sl="354" sc="1" el="354" ec="2" bec="0" bev="0" fileid="47" />
                <SequencePoint vc="0" uspid="355" ordinal="325" sl="355" sc="1" el="355" ec="2" bec="0" bev="0" fileid="47" />
                <SequencePoint vc="0" uspid="356" ordinal="326" sl="356" sc="1" el="356" ec="2" bec="0" bev="0" fileid="47" />
                <SequencePoint vc="0" uspid="357" ordinal="327" sl="357" sc="1" el="357" ec="2" bec="0" bev="0" fileid="47" />
                <SequencePoint vc="0" uspid="358" ordinal="328" sl="358" sc="1" el="358" ec="2" bec="0" bev="0" fileid="47" />
                <SequencePoint vc="0" uspid="359" ordinal="329" sl="359" sc="1" el="359" ec="2" bec="0" bev="0" fileid="47" />
                <SequencePoint vc="0" uspid="360" ordinal="330" sl="360" sc="1" el="360" ec="2" bec="0" bev="0" fileid="47" />
                <SequencePoint vc="0" uspid="361" ordinal="331" sl="361" sc="1" el="361" ec="2" bec="0" bev="0" fileid="47" />
                <SequencePoint vc="0" uspid="363" ordinal="332" sl="363" sc="1" el="363" ec="2" bec="0" bev="0" fileid="47" />
                <SequencePoint vc="0" uspid="364" ordinal="333" sl="364" sc="1" el="364" ec="2" bec="0" bev="0" fileid="47" />
                <SequencePoint vc="0" uspid="365" ordinal="334" sl="365" sc="1" el="365" ec="2" bec="0" bev="0" fileid="47" />
                <SequencePoint vc="0" uspid="366" ordinal="335" sl="366" sc="1" el="366" ec="2" bec="0" bev="0" fileid="47" />
                <SequencePoint vc="0" uspid="367" ordinal="336" sl="367" sc="1" el="367" ec="2" bec="0" bev="0" fileid="47" />
                <SequencePoint vc="0" uspid="368" ordinal="337" sl="368" sc="1" el="368" ec="2" bec="0" bev="0" fileid="47" />
                <SequencePoint vc="0" uspid="369" ordinal="338" sl="369" sc="1" el="369" ec="2" bec="0" bev="0" fileid="47" />
                <SequencePoint vc="0" uspid="370" ordinal="339" sl="370" sc="1" el="370" ec="2" bec="0" bev="0" fileid="47" />
                <SequencePoint vc="0" uspid="371" ordinal="340" sl="371" sc="1" el="371" ec="2" bec="0" bev="0" fileid="47" />
                <SequencePoint vc="0" uspid="372" ordinal="341" sl="372" sc="1" el="372" ec="2" bec="0" bev="0" fileid="47" />
                <SequencePoint vc="0" uspid="373" ordinal="342" sl="373" sc="1" el="373" ec="2" bec="0" bev="0" fileid="47" />
                <SequencePoint vc="0" uspid="374" ordinal="343" sl="374" sc="1" el="374" ec="2" bec="0" bev="0" fileid="47" />
                <SequencePoint vc="0" uspid="375" ordinal="344" sl="375" sc="1" el="375" ec="2" bec="0" bev="0" fileid="47" />
                <SequencePoint vc="0" uspid="376" ordinal="345" sl="376" sc="1" el="376" ec="2" bec="0" bev="0" fileid="47" />
                <SequencePoint vc="0" uspid="377" ordinal="346" sl="377" sc="1" el="377" ec="2" bec="0" bev="0" fileid="47" />
                <SequencePoint vc="0" uspid="378" ordinal="347" sl="378" sc="1" el="378" ec="2" bec="0" bev="0" fileid="47" />
                <SequencePoint vc="0" uspid="379" ordinal="348" sl="379" sc="1" el="379" ec="2" bec="0" bev="0" fileid="47" />
                <SequencePoint vc="0" uspid="380" ordinal="349" sl="380" sc="1" el="380" ec="2" bec="0" bev="0" fileid="47" />
                <SequencePoint vc="0" uspid="381" ordinal="350" sl="381" sc="1" el="381" ec="2" bec="0" bev="0" fileid="47" />
                <SequencePoint vc="0" uspid="382" ordinal="351" sl="382" sc="1" el="382" ec="2" bec="0" bev="0" fileid="47" />
                <SequencePoint vc="0" uspid="383" ordinal="352" sl="383" sc="1" el="383" ec="2" bec="0" bev="0" fileid="47" />
                <SequencePoint vc="0" uspid="384" ordinal="353" sl="384" sc="1" el="384" ec="2" bec="0" bev="0" fileid="47" />
                <SequencePoint vc="0" uspid="385" ordinal="354" sl="385" sc="1" el="385" ec="2" bec="0" bev="0" fileid="47" />
                <SequencePoint vc="0" uspid="386" ordinal="355" sl="386" sc="1" el="386" ec="2" bec="0" bev="0" fileid="47" />
                <SequencePoint vc="0" uspid="387" ordinal="356" sl="387" sc="1" el="387" ec="2" bec="0" bev="0" fileid="47" />
                <SequencePoint vc="0" uspid="388" ordinal="357" sl="388" sc="1" el="388" ec="2" bec="0" bev="0" fileid="47" />
                <SequencePoint vc="0" uspid="389" ordinal="358" sl="389" sc="1" el="389" ec="2" bec="0" bev="0" fileid="47" />
                <SequencePoint vc="0" uspid="390" ordinal="359" sl="390" sc="1" el="390" ec="2" bec="0" bev="0" fileid="47" />
                <SequencePoint vc="0" uspid="391" ordinal="360" sl="391" sc="1" el="391" ec="2" bec="0" bev="0" fileid="47" />
                <SequencePoint vc="0" uspid="392" ordinal="361" sl="392" sc="1" el="392" ec="2" bec="0" bev="0" fileid="47" />
                <SequencePoint vc="0" uspid="393" ordinal="362" sl="393" sc="1" el="393" ec="2" bec="0" bev="0" fileid="47" />
                <SequencePoint vc="0" uspid="394" ordinal="363" sl="394" sc="1" el="394" ec="2" bec="0" bev="0" fileid="47" />
                <SequencePoint vc="0" uspid="395" ordinal="364" sl="395" sc="1" el="395" ec="2" bec="0" bev="0" fileid="47" />
                <SequencePoint vc="0" uspid="396" ordinal="365" sl="396" sc="1" el="396" ec="2" bec="0" bev="0" fileid="47" />
                <SequencePoint vc="0" uspid="397" ordinal="366" sl="397" sc="1" el="397" ec="2" bec="0" bev="0" fileid="47" />
                <SequencePoint vc="0" uspid="398" ordinal="367" sl="398" sc="1" el="398" ec="2" bec="0" bev="0" fileid="47" />
                <SequencePoint vc="0" uspid="399" ordinal="368" sl="399" sc="1" el="399" ec="2" bec="0" bev="0" fileid="47" />
                <SequencePoint vc="0" uspid="400" ordinal="369" sl="400" sc="1" el="400" ec="2" bec="0" bev="0" fileid="47" />
                <SequencePoint vc="0" uspid="401" ordinal="370" sl="401" sc="1" el="401" ec="2" bec="0" bev="0" fileid="47" />
                <SequencePoint vc="0" uspid="402" ordinal="371" sl="402" sc="1" el="402" ec="2" bec="0" bev="0" fileid="47" />
                <SequencePoint vc="0" uspid="404" ordinal="372" sl="404" sc="1" el="404" ec="2" bec="0" bev="0" fileid="47" />
              </SequencePoints>
              <BranchPoints />
              <MethodPoint vc="0" uspid="0" p8:type="SequencePoint" ordinal="0" offset="0" sc="0" sl="17" ec="1" el="404" bec="0" bev="0" fileid="47" xmlns:p8="xsi" />
            </Method>
          </Methods>
        </Class>
      </Classes>
    </Module>
  </Modules>
</CoverageSession>